0 info it worked if it ends with ok
1 verbose cli [ '/usr/local/bin/node',
1 verbose cli   '/usr/local/bin/npm',
1 verbose cli   'install',
1 verbose cli   'canvas' ]
2 info using npm@3.10.8
3 info using node@v6.9.1
4 silly loadCurrentTree Starting
5 silly install loadCurrentTree
6 silly install readLocalPackageData
7 silly fetchPackageMetaData canvas
8 silly fetchNamedPackageData canvas
9 silly mapToRegistry name canvas
10 silly mapToRegistry using default registry
11 silly mapToRegistry registry https://registry.npmjs.org/
12 silly mapToRegistry data Result {
12 silly mapToRegistry   raw: 'canvas',
12 silly mapToRegistry   scope: null,
12 silly mapToRegistry   escapedName: 'canvas',
12 silly mapToRegistry   name: 'canvas',
12 silly mapToRegistry   rawSpec: '',
12 silly mapToRegistry   spec: 'latest',
12 silly mapToRegistry   type: 'tag' }
13 silly mapToRegistry uri https://registry.npmjs.org/canvas
14 verbose request uri https://registry.npmjs.org/canvas
15 verbose request no auth needed
16 info attempt registry request try #1 at 2:18:36 PM
17 verbose request using bearer token for auth
18 verbose request id 8793f6c2e628a51c
19 verbose etag W/"58a36213-1ec73"
20 verbose lastModified Tue, 14 Feb 2017 20:01:23 GMT
21 http request GET https://registry.npmjs.org/canvas
22 http 304 https://registry.npmjs.org/canvas
23 verbose headers { server: 'nginx/1.10.1',
23 verbose headers   'last-modified': 'Tue, 14 Feb 2017 20:01:23 GMT',
23 verbose headers   etag: '"58a36213-1ec73"',
23 verbose headers   'cache-control': 'max-age=300',
23 verbose headers   'accept-ranges': 'bytes',
23 verbose headers   date: 'Thu, 16 Feb 2017 13:18:36 GMT',
23 verbose headers   via: '1.1 varnish',
23 verbose headers   connection: 'keep-alive',
23 verbose headers   'x-served-by': 'cache-hhn1533-HHN',
23 verbose headers   'x-cache': 'MISS',
23 verbose headers   'x-cache-hits': '0',
23 verbose headers   'x-timer': 'S1487251116.443899,VS0,VE1',
23 verbose headers   vary: 'Accept-Encoding' }
24 silly get cb [ 304,
24 silly get   { server: 'nginx/1.10.1',
24 silly get     'last-modified': 'Tue, 14 Feb 2017 20:01:23 GMT',
24 silly get     etag: '"58a36213-1ec73"',
24 silly get     'cache-control': 'max-age=300',
24 silly get     'accept-ranges': 'bytes',
24 silly get     date: 'Thu, 16 Feb 2017 13:18:36 GMT',
24 silly get     via: '1.1 varnish',
24 silly get     connection: 'keep-alive',
24 silly get     'x-served-by': 'cache-hhn1533-HHN',
24 silly get     'x-cache': 'MISS',
24 silly get     'x-cache-hits': '0',
24 silly get     'x-timer': 'S1487251116.443899,VS0,VE1',
24 silly get     vary: 'Accept-Encoding' } ]
25 verbose etag https://registry.npmjs.org/canvas from cache
26 verbose get saving canvas to /Users/nicholasmordecai/.npm/registry.npmjs.org/canvas/.cache.json
27 verbose correctMkdir /Users/nicholasmordecai/.npm correctMkdir not in flight; initializing
28 silly install normalizeTree
29 silly loadCurrentTree Finishing
30 silly loadIdealTree Starting
31 silly install loadIdealTree
32 silly cloneCurrentTree Starting
33 silly install cloneCurrentTreeToIdealTree
34 silly cloneCurrentTree Finishing
35 silly loadShrinkwrap Starting
36 silly install loadShrinkwrap
37 silly loadShrinkwrap Finishing
38 silly loadAllDepsIntoIdealTree Starting
39 silly install loadAllDepsIntoIdealTree
40 silly resolveWithNewModule canvas@1.6.3 checking installable status
41 silly cache add args [ 'canvas', null ]
42 verbose cache add spec canvas
43 silly cache add parsed spec Result {
43 silly cache add   raw: 'canvas',
43 silly cache add   scope: null,
43 silly cache add   escapedName: 'canvas',
43 silly cache add   name: 'canvas',
43 silly cache add   rawSpec: '',
43 silly cache add   spec: 'latest',
43 silly cache add   type: 'tag' }
44 silly addNamed canvas@latest
45 verbose addNamed "latest" is being treated as a dist-tag for canvas
46 info addNameTag [ 'canvas', 'latest' ]
47 silly mapToRegistry name canvas
48 silly mapToRegistry using default registry
49 silly mapToRegistry registry https://registry.npmjs.org/
50 silly mapToRegistry data Result {
50 silly mapToRegistry   raw: 'canvas',
50 silly mapToRegistry   scope: null,
50 silly mapToRegistry   escapedName: 'canvas',
50 silly mapToRegistry   name: 'canvas',
50 silly mapToRegistry   rawSpec: '',
50 silly mapToRegistry   spec: 'latest',
50 silly mapToRegistry   type: 'tag' }
51 silly mapToRegistry uri https://registry.npmjs.org/canvas
52 verbose addNameTag registry:https://registry.npmjs.org/canvas not in flight; fetching
53 verbose get https://registry.npmjs.org/canvas not expired, no request
54 silly addNameTag next cb for canvas with tag latest
55 silly addNamed canvas@1.6.3
56 verbose addNamed "1.6.3" is a plain semver version for canvas
57 silly cache afterAdd canvas@1.6.3
58 verbose afterAdd /Users/nicholasmordecai/.npm/canvas/1.6.3/package/package.json not in flight; writing
59 verbose correctMkdir /Users/nicholasmordecai/.npm correctMkdir not in flight; initializing
60 verbose afterAdd /Users/nicholasmordecai/.npm/canvas/1.6.3/package/package.json written
61 silly loadAllDepsIntoIdealTree Finishing
62 silly loadIdealTree Finishing
63 silly currentTree lightning-js@0.2.4
63 silly currentTree ├── @types/fs-extra@0.0.33
63 silly currentTree ├── @types/handlebars@4.0.31
63 silly currentTree ├── @types/highlight.js@9.1.9
63 silly currentTree ├── @types/lodash@4.14.50
63 silly currentTree ├── @types/marked@0.0.28
63 silly currentTree ├── @types/minimatch@2.0.29
63 silly currentTree ├── @types/node@7.0.0
63 silly currentTree ├── @types/shelljs@0.3.33
63 silly currentTree ├── abab@1.0.3
63 silly currentTree ├── abbrev@1.0.9
63 silly currentTree ├── accepts@1.3.3
63 silly currentTree ├─┬ acorn-globals@3.1.0
63 silly currentTree │ └── acorn@4.0.11
63 silly currentTree ├── acorn@3.3.0
63 silly currentTree ├── agent-base@2.0.1
63 silly currentTree ├── align-text@0.1.4
63 silly currentTree ├── amdefine@1.0.1
63 silly currentTree ├── ansi-align@1.1.0
63 silly currentTree ├── ansi-escapes@1.4.0
63 silly currentTree ├── ansi-regex@2.1.1
63 silly currentTree ├── ansi-styles@2.2.1
63 silly currentTree ├── any-promise@1.3.0
63 silly currentTree ├── anymatch@1.3.0
63 silly currentTree ├── archy@1.0.0
63 silly currentTree ├── argparse@1.0.9
63 silly currentTree ├── arr-diff@2.0.0
63 silly currentTree ├── arr-flatten@1.0.1
63 silly currentTree ├── array-differ@1.0.0
63 silly currentTree ├── array-equal@1.0.0
63 silly currentTree ├── array-filter@0.0.1
63 silly currentTree ├── array-find-index@1.0.2
63 silly currentTree ├── array-flatten@1.1.1
63 silly currentTree ├── array-map@0.0.0
63 silly currentTree ├── array-reduce@0.0.0
63 silly currentTree ├── array-uniq@1.0.3
63 silly currentTree ├── array-unique@0.2.1
63 silly currentTree ├── arrify@1.0.1
63 silly currentTree ├── asn1@0.2.3
63 silly currentTree ├── assert-plus@0.2.0
63 silly currentTree ├── assert@1.4.1
63 silly currentTree ├── assertion-error@1.0.2
63 silly currentTree ├── async-each@1.0.1
63 silly currentTree ├── async@1.5.2
63 silly currentTree ├── asynckit@0.4.0
63 silly currentTree ├── aws-sign2@0.6.0
63 silly currentTree ├── aws4@1.5.0
63 silly currentTree ├── balanced-match@0.4.2
63 silly currentTree ├── base64-js@1.2.0
63 silly currentTree ├── batch@0.5.3
63 silly currentTree ├── bcrypt-pbkdf@1.0.0
63 silly currentTree ├── beeper@1.1.1
63 silly currentTree ├── big.js@3.1.3
63 silly currentTree ├── binary-extensions@1.8.0
63 silly currentTree ├── bit-twiddle@1.0.2
63 silly currentTree ├── bl@1.1.2
63 silly currentTree ├── bluebird@2.11.0
63 silly currentTree ├── boom@2.10.1
63 silly currentTree ├── box2d@1.0.0
63 silly currentTree ├─┬ boxen@0.6.0
63 silly currentTree │ └── camelcase@2.1.1
63 silly currentTree ├── brace-expansion@1.1.6
63 silly currentTree ├── braces@1.8.5
63 silly currentTree ├── brfs@1.4.3
63 silly currentTree ├── browser-stdout@1.3.0
63 silly currentTree ├── browserify-aes@0.4.0
63 silly currentTree ├── browserify-zlib@0.1.4
63 silly currentTree ├── buffer-equal@0.0.1
63 silly currentTree ├── buffer-shims@1.0.0
63 silly currentTree ├── buffer@4.9.1
63 silly currentTree ├── builtin-modules@1.1.1
63 silly currentTree ├── builtin-status-codes@3.0.0
63 silly currentTree ├── bytes@2.3.0
63 silly currentTree ├─┬ camelcase-keys@2.1.0
63 silly currentTree │ └── camelcase@2.1.1
63 silly currentTree ├── camelcase@3.0.0
63 silly currentTree ├── capture-stack-trace@1.0.0
63 silly currentTree ├── caseless@0.11.0
63 silly currentTree ├── center-align@0.1.3
63 silly currentTree ├── chai@3.5.0
63 silly currentTree ├── chalk@1.1.3
63 silly currentTree ├── chokidar@1.6.1
63 silly currentTree ├── cli-boxes@1.0.0
63 silly currentTree ├── cli-cursor@1.0.2
63 silly currentTree ├── cli-truncate@0.2.1
63 silly currentTree ├── cliui@3.2.0
63 silly currentTree ├── clone-buffer@1.0.0
63 silly currentTree ├── clone-stats@1.0.0
63 silly currentTree ├── clone@1.0.2
63 silly currentTree ├── cloneable-readable@1.0.0
63 silly currentTree ├── code-point-at@1.1.0
63 silly currentTree ├── columnify@1.5.4
63 silly currentTree ├── combined-stream@1.0.5
63 silly currentTree ├── commander@2.9.0
63 silly currentTree ├── compressible@2.0.9
63 silly currentTree ├── compression@1.6.2
63 silly currentTree ├─┬ concat-files@0.1.1
63 silly currentTree │ └── async@0.2.10
63 silly currentTree ├── concat-map@0.0.1
63 silly currentTree ├─┬ concat-stream@1.6.0
63 silly currentTree │ └── readable-stream@2.2.2
63 silly currentTree ├─┬ concat-with-sourcemaps@1.0.4
63 silly currentTree │ └── source-map@0.5.6
63 silly currentTree ├─┬ concurrently@3.1.0
63 silly currentTree │ ├── ansi-regex@0.2.1
63 silly currentTree │ ├── ansi-styles@1.1.0
63 silly currentTree │ ├── bluebird@2.9.6
63 silly currentTree │ ├── chalk@0.5.1
63 silly currentTree │ ├── commander@2.6.0
63 silly currentTree │ ├── has-ansi@0.1.0
63 silly currentTree │ ├── strip-ansi@0.3.0
63 silly currentTree │ └── supports-color@0.2.0
63 silly currentTree ├── configstore@2.1.0
63 silly currentTree ├── connect-history-api-fallback@1.3.0
63 silly currentTree ├── console-browserify@1.1.0
63 silly currentTree ├── constants-browserify@1.0.0
63 silly currentTree ├── content-disposition@0.5.1
63 silly currentTree ├── content-type-parser@1.0.1
63 silly currentTree ├── content-type@1.0.2
63 silly currentTree ├── cookie-signature@1.0.6
63 silly currentTree ├── cookie@0.3.1
63 silly currentTree ├─┬ copy-webpack-plugin@4.0.1
63 silly currentTree │ ├── fs-extra@0.26.7
63 silly currentTree │ ├── glob@6.0.4
63 silly currentTree │ ├── is-extglob@2.1.1
63 silly currentTree │ └── is-glob@3.1.0
63 silly currentTree ├── core-util-is@1.0.2
63 silly currentTree ├── coveralls@2.11.15
63 silly currentTree ├── create-error-class@3.0.2
63 silly currentTree ├── createjs-soundjs@0.6.2
63 silly currentTree ├── cross-spawn@5.0.1
63 silly currentTree ├── cryptiles@2.0.5
63 silly currentTree ├── crypto-browserify@3.3.0
63 silly currentTree ├── cssom@0.3.2
63 silly currentTree ├── cssstyle@0.2.37
63 silly currentTree ├── currently-unhandled@0.4.1
63 silly currentTree ├─┬ dashdash@1.14.1
63 silly currentTree │ └── assert-plus@1.0.0
63 silly currentTree ├── date-now@0.1.4
63 silly currentTree ├── dateformat@2.0.0
63 silly currentTree ├── debug-log@1.0.1
63 silly currentTree ├── debug@2.2.0
63 silly currentTree ├── decamelize@1.2.0
63 silly currentTree ├─┬ deep-eql@0.1.3
63 silly currentTree │ └── type-detect@0.1.1
63 silly currentTree ├── deep-extend@0.4.1
63 silly currentTree ├── deep-is@0.1.3
63 silly currentTree ├── defaults@1.0.3
63 silly currentTree ├── define-properties@1.1.2
63 silly currentTree ├── delayed-stream@1.0.0
63 silly currentTree ├── depd@1.1.0
63 silly currentTree ├── deprecated@0.0.1
63 silly currentTree ├── destroy@1.0.4
63 silly currentTree ├── detect-file@0.1.0
63 silly currentTree ├── detect-indent@5.0.0
63 silly currentTree ├── diff@3.2.0
63 silly currentTree ├── domain-browser@1.1.7
63 silly currentTree ├── dot-prop@3.0.0
63 silly currentTree ├── duplexer@0.1.1
63 silly currentTree ├── duplexer2@0.1.4
63 silly currentTree ├── earcut@2.1.1
63 silly currentTree ├── ecc-jsbn@0.1.1
63 silly currentTree ├── ee-first@1.1.1
63 silly currentTree ├── elegant-spinner@1.0.1
63 silly currentTree ├── emojis-list@2.1.0
63 silly currentTree ├── encodeurl@1.0.1
63 silly currentTree ├─┬ end-of-stream@0.1.5
63 silly currentTree │ └── once@1.3.3
63 silly currentTree ├─┬ enhanced-resolve@0.9.1
63 silly currentTree │ └── memory-fs@0.2.0
63 silly currentTree ├── errno@0.1.4
63 silly currentTree ├── error-ex@1.3.0
63 silly currentTree ├── es-abstract@1.6.1
63 silly currentTree ├── es-to-primitive@1.1.1
63 silly currentTree ├── escape-html@1.0.3
63 silly currentTree ├── escape-string-regexp@1.0.5
63 silly currentTree ├── escodegen@1.8.1
63 silly currentTree ├── esprima@2.7.3
63 silly currentTree ├── estraverse@1.9.3
63 silly currentTree ├── esutils@2.0.2
63 silly currentTree ├── etag@1.7.0
63 silly currentTree ├── event-stream@3.3.4
63 silly currentTree ├── eventemitter3@2.0.2
63 silly currentTree ├── events@1.1.1
63 silly currentTree ├── eventsource@0.1.6
63 silly currentTree ├── exit-hook@1.1.1
63 silly currentTree ├── expand-brackets@0.1.5
63 silly currentTree ├── expand-range@1.8.2
63 silly currentTree ├── expand-tilde@1.2.2
63 silly currentTree ├─┬ express@4.14.0
63 silly currentTree │ └── qs@6.2.0
63 silly currentTree ├── extend@3.0.0
63 silly currentTree ├── extglob@0.3.2
63 silly currentTree ├── extsprintf@1.0.2
63 silly currentTree ├─┬ falafel@1.2.0
63 silly currentTree │ ├── acorn@1.2.2
63 silly currentTree │ └── isarray@0.0.1
63 silly currentTree ├── fancy-log@1.3.0
63 silly currentTree ├── fast-levenshtein@2.0.6
63 silly currentTree ├── faye-websocket@0.10.0
63 silly currentTree ├── filename-regex@2.0.0
63 silly currentTree ├── fill-range@2.2.3
63 silly currentTree ├── filled-array@1.1.0
63 silly currentTree ├── finalhandler@0.5.0
63 silly currentTree ├── find-index@0.1.1
63 silly currentTree ├── find-root@1.0.0
63 silly currentTree ├── find-up@1.1.2
63 silly currentTree ├── findup-sync@0.4.3
63 silly currentTree ├── fined@1.0.2
63 silly currentTree ├── first-chunk-stream@1.0.0
63 silly currentTree ├── flagged-respawn@0.3.2
63 silly currentTree ├── for-in@0.1.6
63 silly currentTree ├── for-own@0.1.4
63 silly currentTree ├── foreach@2.0.5
63 silly currentTree ├── forever-agent@0.6.1
63 silly currentTree ├── form-data@2.0.0
63 silly currentTree ├── formatio@1.1.1
63 silly currentTree ├── forwarded@0.1.0
63 silly currentTree ├── fresh@0.3.0
63 silly currentTree ├── from@0.1.3
63 silly currentTree ├── fs-exists-sync@0.1.0
63 silly currentTree ├── fs-extra@0.30.0
63 silly currentTree ├── fs.realpath@1.0.0
63 silly currentTree ├── fs@0.0.1-security
63 silly currentTree ├─┬ fsevents@1.0.17
63 silly currentTree │ ├── abbrev@1.0.9
63 silly currentTree │ ├── ansi-regex@2.0.0
63 silly currentTree │ ├── ansi-styles@2.2.1
63 silly currentTree │ ├── aproba@1.0.4
63 silly currentTree │ ├── are-we-there-yet@1.1.2
63 silly currentTree │ ├── asn1@0.2.3
63 silly currentTree │ ├── assert-plus@0.2.0
63 silly currentTree │ ├── asynckit@0.4.0
63 silly currentTree │ ├── aws-sign2@0.6.0
63 silly currentTree │ ├── aws4@1.5.0
63 silly currentTree │ ├── balanced-match@0.4.2
63 silly currentTree │ ├── bcrypt-pbkdf@1.0.0
63 silly currentTree │ ├── block-stream@0.0.9
63 silly currentTree │ ├── boom@2.10.1
63 silly currentTree │ ├── brace-expansion@1.1.6
63 silly currentTree │ ├── buffer-shims@1.0.0
63 silly currentTree │ ├── caseless@0.11.0
63 silly currentTree │ ├─┬ chalk@1.1.3
63 silly currentTree │ │ └── supports-color@2.0.0
63 silly currentTree │ ├── code-point-at@1.1.0
63 silly currentTree │ ├── combined-stream@1.0.5
63 silly currentTree │ ├── commander@2.9.0
63 silly currentTree │ ├── concat-map@0.0.1
63 silly currentTree │ ├── console-control-strings@1.1.0
63 silly currentTree │ ├── core-util-is@1.0.2
63 silly currentTree │ ├── cryptiles@2.0.5
63 silly currentTree │ ├─┬ dashdash@1.14.1
63 silly currentTree │ │ └── assert-plus@1.0.0
63 silly currentTree │ ├── debug@2.2.0
63 silly currentTree │ ├── deep-extend@0.4.1
63 silly currentTree │ ├── delayed-stream@1.0.0
63 silly currentTree │ ├── delegates@1.0.0
63 silly currentTree │ ├── ecc-jsbn@0.1.1
63 silly currentTree │ ├── escape-string-regexp@1.0.5
63 silly currentTree │ ├── extend@3.0.0
63 silly currentTree │ ├── extsprintf@1.0.2
63 silly currentTree │ ├── forever-agent@0.6.1
63 silly currentTree │ ├── form-data@2.1.2
63 silly currentTree │ ├── fs.realpath@1.0.0
63 silly currentTree │ ├── fstream-ignore@1.0.5
63 silly currentTree │ ├── fstream@1.0.10
63 silly currentTree │ ├── gauge@2.7.2
63 silly currentTree │ ├── generate-function@2.0.0
63 silly currentTree │ ├── generate-object-property@1.2.0
63 silly currentTree │ ├─┬ getpass@0.1.6
63 silly currentTree │ │ └── assert-plus@1.0.0
63 silly currentTree │ ├── glob@7.1.1
63 silly currentTree │ ├── graceful-fs@4.1.11
63 silly currentTree │ ├── graceful-readlink@1.0.1
63 silly currentTree │ ├── har-validator@2.0.6
63 silly currentTree │ ├── has-ansi@2.0.0
63 silly currentTree │ ├── has-unicode@2.0.1
63 silly currentTree │ ├── hawk@3.1.3
63 silly currentTree │ ├── hoek@2.16.3
63 silly currentTree │ ├── http-signature@1.1.1
63 silly currentTree │ ├── inflight@1.0.6
63 silly currentTree │ ├── inherits@2.0.3
63 silly currentTree │ ├── ini@1.3.4
63 silly currentTree │ ├── is-fullwidth-code-point@1.0.0
63 silly currentTree │ ├── is-my-json-valid@2.15.0
63 silly currentTree │ ├── is-property@1.0.2
63 silly currentTree │ ├── is-typedarray@1.0.0
63 silly currentTree │ ├── isarray@1.0.0
63 silly currentTree │ ├── isstream@0.1.2
63 silly currentTree │ ├── jodid25519@1.0.2
63 silly currentTree │ ├── jsbn@0.1.0
63 silly currentTree │ ├── json-schema@0.2.3
63 silly currentTree │ ├── json-stringify-safe@5.0.1
63 silly currentTree │ ├── jsonpointer@4.0.1
63 silly currentTree │ ├── jsprim@1.3.1
63 silly currentTree │ ├── mime-db@1.25.0
63 silly currentTree │ ├── mime-types@2.1.13
63 silly currentTree │ ├── minimatch@3.0.3
63 silly currentTree │ ├── minimist@0.0.8
63 silly currentTree │ ├── mkdirp@0.5.1
63 silly currentTree │ ├── ms@0.7.1
63 silly currentTree │ ├── node-pre-gyp@0.6.32
63 silly currentTree │ ├── nopt@3.0.6
63 silly currentTree │ ├── npmlog@4.0.2
63 silly currentTree │ ├── number-is-nan@1.0.1
63 silly currentTree │ ├── oauth-sign@0.8.2
63 silly currentTree │ ├── object-assign@4.1.0
63 silly currentTree │ ├── once@1.4.0
63 silly currentTree │ ├── path-is-absolute@1.0.1
63 silly currentTree │ ├── pinkie-promise@2.0.1
63 silly currentTree │ ├── pinkie@2.0.4
63 silly currentTree │ ├── process-nextick-args@1.0.7
63 silly currentTree │ ├── punycode@1.4.1
63 silly currentTree │ ├── qs@6.3.0
63 silly currentTree │ ├─┬ rc@1.1.6
63 silly currentTree │ │ └── minimist@1.2.0
63 silly currentTree │ ├── readable-stream@2.2.2
63 silly currentTree │ ├── request@2.79.0
63 silly currentTree │ ├── rimraf@2.5.4
63 silly currentTree │ ├── semver@5.3.0
63 silly currentTree │ ├── set-blocking@2.0.0
63 silly currentTree │ ├── signal-exit@3.0.2
63 silly currentTree │ ├── sntp@1.0.9
63 silly currentTree │ ├─┬ sshpk@1.10.1
63 silly currentTree │ │ └── assert-plus@1.0.0
63 silly currentTree │ ├── string_decoder@0.10.31
63 silly currentTree │ ├── string-width@1.0.2
63 silly currentTree │ ├── stringstream@0.0.5
63 silly currentTree │ ├── strip-ansi@3.0.1
63 silly currentTree │ ├── strip-json-comments@1.0.4
63 silly currentTree │ ├── supports-color@0.2.0
63 silly currentTree │ ├─┬ tar-pack@3.3.0
63 silly currentTree │ │ ├── once@1.3.3
63 silly currentTree │ │ └── readable-stream@2.1.5
63 silly currentTree │ ├── tar@2.2.1
63 silly currentTree │ ├── tough-cookie@2.3.2
63 silly currentTree │ ├── tunnel-agent@0.4.3
63 silly currentTree │ ├── tweetnacl@0.14.5
63 silly currentTree │ ├── uid-number@0.0.6
63 silly currentTree │ ├── util-deprecate@1.0.2
63 silly currentTree │ ├── uuid@3.0.1
63 silly currentTree │ ├── verror@1.3.6
63 silly currentTree │ ├── wide-align@1.1.0
63 silly currentTree │ ├── wrappy@1.0.2
63 silly currentTree │ └── xtend@4.0.1
63 silly currentTree ├── function-bind@1.1.0
63 silly currentTree ├── gaze@0.5.2
63 silly currentTree ├── generate-function@2.0.0
63 silly currentTree ├── generate-object-property@1.2.0
63 silly currentTree ├── get-caller-file@1.0.2
63 silly currentTree ├── get-stdin@4.0.1
63 silly currentTree ├─┬ getpass@0.1.6
63 silly currentTree │ └── assert-plus@1.0.0
63 silly currentTree ├── glob-base@0.3.0
63 silly currentTree ├── glob-parent@2.0.0
63 silly currentTree ├─┬ glob-stream@3.1.18
63 silly currentTree │ ├── glob@4.5.3
63 silly currentTree │ ├── isarray@0.0.1
63 silly currentTree │ ├── minimatch@2.0.10
63 silly currentTree │ ├── readable-stream@1.0.34
63 silly currentTree │ └── through2@0.6.5
63 silly currentTree ├── glob-watcher@0.0.6
63 silly currentTree ├── glob@5.0.15
63 silly currentTree ├── glob2base@0.0.12
63 silly currentTree ├── global-modules@0.2.3
63 silly currentTree ├── global-prefix@0.1.5
63 silly currentTree ├─┬ globule@0.1.0
63 silly currentTree │ ├── glob@3.1.21
63 silly currentTree │ ├── graceful-fs@1.2.3
63 silly currentTree │ ├── inherits@1.0.2
63 silly currentTree │ ├── lodash@1.0.2
63 silly currentTree │ ├── lru-cache@2.7.3
63 silly currentTree │ └── minimatch@0.2.14
63 silly currentTree ├── glogg@1.0.0
63 silly currentTree ├── got@5.7.1
63 silly currentTree ├── graceful-fs@4.1.11
63 silly currentTree ├── graceful-readlink@1.0.1
63 silly currentTree ├── growl@1.9.2
63 silly currentTree ├── gulp-concat@2.6.1
63 silly currentTree ├─┬ gulp-minify@0.0.15
63 silly currentTree │ ├── ansi-regex@0.2.1
63 silly currentTree │ ├── ansi-styles@1.1.0
63 silly currentTree │ ├── chalk@0.5.1
63 silly currentTree │ ├── clone-stats@0.0.1
63 silly currentTree │ ├── dateformat@1.0.12
63 silly currentTree │ ├─┬ gulp-util@2.2.20
63 silly currentTree │ │ └── through2@0.5.1
63 silly currentTree │ ├── has-ansi@0.1.0
63 silly currentTree │ ├── isarray@0.0.1
63 silly currentTree │ ├── lodash._reinterpolate@2.4.1
63 silly currentTree │ ├── lodash.escape@2.4.1
63 silly currentTree │ ├── lodash.keys@2.4.1
63 silly currentTree │ ├── lodash.template@2.4.1
63 silly currentTree │ ├── lodash.templatesettings@2.4.1
63 silly currentTree │ ├── minimist@0.2.0
63 silly currentTree │ ├── object-keys@0.4.0
63 silly currentTree │ ├── readable-stream@1.0.34
63 silly currentTree │ ├── strip-ansi@0.3.0
63 silly currentTree │ ├── supports-color@0.2.0
63 silly currentTree │ ├─┬ through2@0.4.2
63 silly currentTree │ │ └── xtend@2.1.2
63 silly currentTree │ ├── vinyl@0.2.3
63 silly currentTree │ └── xtend@3.0.0
63 silly currentTree ├─┬ gulp-util@3.0.8
63 silly currentTree │ ├── clone-stats@0.0.1
63 silly currentTree │ ├── object-assign@3.0.0
63 silly currentTree │ ├── replace-ext@0.0.1
63 silly currentTree │ └── vinyl@0.5.3
63 silly currentTree ├─┬ gulp@3.9.1
63 silly currentTree │ └── semver@4.3.6
63 silly currentTree ├── gulplog@1.0.0
63 silly currentTree ├─┬ handlebars@4.0.6
63 silly currentTree │ └── source-map@0.4.4
63 silly currentTree ├── har-validator@2.0.6
63 silly currentTree ├── has-ansi@2.0.0
63 silly currentTree ├── has-flag@1.0.0
63 silly currentTree ├── has-gulplog@0.1.0
63 silly currentTree ├── has-unicode@2.0.1
63 silly currentTree ├── has@1.0.1
63 silly currentTree ├── hawk@3.1.3
63 silly currentTree ├── highlight.js@9.9.0
63 silly currentTree ├── hoek@2.16.3
63 silly currentTree ├── homedir-polyfill@1.0.1
63 silly currentTree ├── hosted-git-info@2.1.5
63 silly currentTree ├── html-encoding-sniffer@1.0.1
63 silly currentTree ├── http-errors@1.5.1
63 silly currentTree ├── http-proxy-agent@1.0.0
63 silly currentTree ├─┬ http-proxy-middleware@0.17.3
63 silly currentTree │ ├── is-extglob@2.1.1
63 silly currentTree │ └── is-glob@3.1.0
63 silly currentTree ├─┬ http-proxy@1.16.2
63 silly currentTree │ └── eventemitter3@1.2.0
63 silly currentTree ├── http-signature@1.1.1
63 silly currentTree ├── https-browserify@0.0.1
63 silly currentTree ├── https-proxy-agent@1.0.0
63 silly currentTree ├── iconv-lite@0.4.13
63 silly currentTree ├── ieee754@1.1.8
63 silly currentTree ├── imurmurhash@0.1.4
63 silly currentTree ├── indent-string@2.1.0
63 silly currentTree ├── indexof@0.0.1
63 silly currentTree ├── inflight@1.0.6
63 silly currentTree ├── inherits@2.0.3
63 silly currentTree ├── ini@1.3.4
63 silly currentTree ├── interpret@1.0.1
63 silly currentTree ├── invariant@2.2.2
63 silly currentTree ├── invert-kv@1.0.0
63 silly currentTree ├── ipaddr.js@1.2.0
63 silly currentTree ├── is-absolute@0.2.6
63 silly currentTree ├── is-arrayish@0.2.1
63 silly currentTree ├── is-binary-path@1.0.1
63 silly currentTree ├── is-buffer@1.1.4
63 silly currentTree ├── is-builtin-module@1.0.0
63 silly currentTree ├── is-callable@1.1.3
63 silly currentTree ├── is-date-object@1.0.1
63 silly currentTree ├── is-dotfile@1.0.2
63 silly currentTree ├── is-equal-shallow@0.1.3
63 silly currentTree ├── is-extendable@0.1.1
63 silly currentTree ├── is-extglob@1.0.0
63 silly currentTree ├── is-finite@1.0.2
63 silly currentTree ├── is-fullwidth-code-point@1.0.0
63 silly currentTree ├── is-glob@2.0.1
63 silly currentTree ├── is-my-json-valid@2.15.0
63 silly currentTree ├── is-npm@1.0.0
63 silly currentTree ├── is-number@2.1.0
63 silly currentTree ├── is-obj@1.0.1
63 silly currentTree ├── is-plain-obj@1.1.0
63 silly currentTree ├── is-posix-bracket@0.1.1
63 silly currentTree ├── is-primitive@2.0.0
63 silly currentTree ├── is-property@1.0.2
63 silly currentTree ├── is-redirect@1.0.0
63 silly currentTree ├── is-regex@1.0.3
63 silly currentTree ├── is-relative@0.2.1
63 silly currentTree ├── is-retry-allowed@1.1.0
63 silly currentTree ├── is-stream@1.1.0
63 silly currentTree ├── is-symbol@1.0.1
63 silly currentTree ├── is-typedarray@1.0.0
63 silly currentTree ├── is-unc-path@0.1.2
63 silly currentTree ├── is-utf8@0.2.1
63 silly currentTree ├── is-windows@0.2.0
63 silly currentTree ├── isarray@1.0.0
63 silly currentTree ├── isexe@1.1.2
63 silly currentTree ├── ismobilejs@0.4.0
63 silly currentTree ├── isobject@2.1.0
63 silly currentTree ├── isstream@0.1.2
63 silly currentTree ├─┬ istanbul@0.4.5
63 silly currentTree │ └── supports-color@3.2.3
63 silly currentTree ├── jodid25519@1.0.2
63 silly currentTree ├── js-tokens@3.0.0
63 silly currentTree ├── js-yaml@3.6.1
63 silly currentTree ├── jsbn@0.1.0
63 silly currentTree ├── jsdom-global@2.1.1
63 silly currentTree ├─┬ jsdom@9.11.0
63 silly currentTree │ ├── acorn@4.0.11
63 silly currentTree │ ├── form-data@2.1.2
63 silly currentTree │ ├── qs@6.3.1
63 silly currentTree │ ├── request@2.79.0
63 silly currentTree │ └── uuid@3.0.1
63 silly currentTree ├── json-schema@0.2.3
63 silly currentTree ├── json-stringify-safe@5.0.1
63 silly currentTree ├── json3@3.3.2
63 silly currentTree ├── json5@0.5.1
63 silly currentTree ├── jsonfile@2.4.0
63 silly currentTree ├── jsonify@0.0.0
63 silly currentTree ├── jsonpointer@4.0.1
63 silly currentTree ├─┬ jspm-config@0.3.4
63 silly currentTree │ └── strip-bom@3.0.0
63 silly currentTree ├── jsprim@1.3.1
63 silly currentTree ├── kind-of@3.1.0
63 silly currentTree ├── klaw@1.3.1
63 silly currentTree ├── latest-version@2.0.0
63 silly currentTree ├── lazy-cache@1.0.4
63 silly currentTree ├── lazy-req@1.1.0
63 silly currentTree ├── lcid@1.0.0
63 silly currentTree ├── lcov-parse@0.0.10
63 silly currentTree ├── levn@0.3.0
63 silly currentTree ├── liftoff@2.3.0
63 silly currentTree ├── listify@1.0.0
63 silly currentTree ├── load-json-file@1.1.0
63 silly currentTree ├── loader-utils@0.2.16
63 silly currentTree ├── lockfile@1.0.3
63 silly currentTree ├── lodash._baseassign@3.2.0
63 silly currentTree ├── lodash._basecopy@3.0.1
63 silly currentTree ├── lodash._basecreate@3.0.3
63 silly currentTree ├── lodash._basetostring@3.0.1
63 silly currentTree ├── lodash._basevalues@3.0.0
63 silly currentTree ├── lodash._escapehtmlchar@2.4.1
63 silly currentTree ├── lodash._escapestringchar@2.4.1
63 silly currentTree ├── lodash._getnative@3.9.1
63 silly currentTree ├── lodash._htmlescapes@2.4.1
63 silly currentTree ├── lodash._isiterateecall@3.0.9
63 silly currentTree ├── lodash._isnative@2.4.1
63 silly currentTree ├── lodash._objecttypes@2.4.1
63 silly currentTree ├── lodash._reescape@3.0.0
63 silly currentTree ├── lodash._reevaluate@3.0.0
63 silly currentTree ├── lodash._reinterpolate@3.0.0
63 silly currentTree ├─┬ lodash._reunescapedhtml@2.4.1
63 silly currentTree │ └── lodash.keys@2.4.1
63 silly currentTree ├── lodash._root@3.0.1
63 silly currentTree ├── lodash._shimkeys@2.4.1
63 silly currentTree ├── lodash.assignwith@4.2.0
63 silly currentTree ├── lodash.create@3.1.1
63 silly currentTree ├─┬ lodash.defaults@2.4.1
63 silly currentTree │ └── lodash.keys@2.4.1
63 silly currentTree ├── lodash.escape@3.2.0
63 silly currentTree ├── lodash.isarguments@3.1.0
63 silly currentTree ├── lodash.isarray@3.0.4
63 silly currentTree ├── lodash.isempty@4.4.0
63 silly currentTree ├── lodash.isobject@2.4.1
63 silly currentTree ├── lodash.isplainobject@4.0.6
63 silly currentTree ├── lodash.isstring@4.0.1
63 silly currentTree ├── lodash.keys@3.1.2
63 silly currentTree ├── lodash.mapvalues@4.6.0
63 silly currentTree ├── lodash.pick@4.4.0
63 silly currentTree ├── lodash.restparam@3.6.1
63 silly currentTree ├── lodash.template@3.6.2
63 silly currentTree ├── lodash.templatesettings@3.1.1
63 silly currentTree ├─┬ lodash.values@2.4.1
63 silly currentTree │ └── lodash.keys@2.4.1
63 silly currentTree ├── lodash@4.17.4
63 silly currentTree ├── log-driver@1.2.5
63 silly currentTree ├── log-update@1.0.2
63 silly currentTree ├── lolex@1.3.2
63 silly currentTree ├── longest@1.0.1
63 silly currentTree ├── loose-envify@1.3.1
63 silly currentTree ├── loud-rejection@1.6.0
63 silly currentTree ├── lowercase-keys@1.0.0
63 silly currentTree ├── lru-cache@4.0.2
63 silly currentTree ├── make-error-cause@1.2.2
63 silly currentTree ├── make-error@1.2.1
63 silly currentTree ├── map-cache@0.2.2
63 silly currentTree ├── map-obj@1.0.1
63 silly currentTree ├── map-stream@0.1.0
63 silly currentTree ├── marked@0.3.6
63 silly currentTree ├── matter-js@0.11.1
63 silly currentTree ├── media-typer@0.3.0
63 silly currentTree ├── memory-fs@0.3.0
63 silly currentTree ├── meow@3.7.0
63 silly currentTree ├── merge-descriptors@1.0.1
63 silly currentTree ├── methods@1.1.2
63 silly currentTree ├── micromatch@2.3.11
63 silly currentTree ├── mime-db@1.26.0
63 silly currentTree ├── mime-types@2.1.14
63 silly currentTree ├── mime@1.3.4
63 silly currentTree ├── mini-signals@1.1.1
63 silly currentTree ├── minimatch@3.0.3
63 silly currentTree ├── minimist@1.2.0
63 silly currentTree ├─┬ mkdirp@0.5.1
63 silly currentTree │ └── minimist@0.0.8
63 silly currentTree ├── mocha-jsdom@1.1.0
63 silly currentTree ├─┬ mocha@3.2.0
63 silly currentTree │ ├── diff@1.4.0
63 silly currentTree │ ├── glob@7.0.5
63 silly currentTree │ └── supports-color@3.1.2
63 silly currentTree ├── moment@2.17.1
63 silly currentTree ├── ms@0.7.1
63 silly currentTree ├─┬ multipipe@0.1.2
63 silly currentTree │ ├── duplexer2@0.0.2
63 silly currentTree │ ├── isarray@0.0.1
63 silly currentTree │ └── readable-stream@1.1.14
63 silly currentTree ├── nan@2.5.0
63 silly currentTree ├── natives@1.1.0
63 silly currentTree ├── negotiator@0.6.1
63 silly currentTree ├── node-dir@0.1.16
63 silly currentTree ├── node-libs-browser@0.7.0
63 silly currentTree ├── node-status-codes@1.0.0
63 silly currentTree ├── node-uuid@1.4.7
63 silly currentTree ├── nopt@3.0.6
63 silly currentTree ├── normalize-package-data@2.3.5
63 silly currentTree ├── normalize-path@2.0.1
63 silly currentTree ├─┬ npm-run-all@4.0.0
63 silly currentTree │ ├── load-json-file@2.0.0
63 silly currentTree │ ├── path-type@2.0.0
63 silly currentTree │ ├── read-pkg@2.0.0
63 silly currentTree │ └── strip-bom@3.0.0
63 silly currentTree ├── number-is-nan@1.0.1
63 silly currentTree ├── nwmatcher@1.3.9
63 silly currentTree ├── oauth-sign@0.8.2
63 silly currentTree ├── object-assign@4.1.0
63 silly currentTree ├── object-inspect@0.4.0
63 silly currentTree ├── object-keys@1.0.11
63 silly currentTree ├── object.omit@2.0.1
63 silly currentTree ├── object.pick@1.2.0
63 silly currentTree ├── on-finished@2.3.0
63 silly currentTree ├── on-headers@1.0.1
63 silly currentTree ├── once@1.4.0
63 silly currentTree ├── onetime@1.1.0
63 silly currentTree ├── open@0.0.5
63 silly currentTree ├─┬ optimist@0.6.1
63 silly currentTree │ ├── minimist@0.0.10
63 silly currentTree │ └── wordwrap@0.0.3
63 silly currentTree ├── optionator@0.8.2
63 silly currentTree ├── orchestrator@0.3.8
63 silly currentTree ├── ordered-read-streams@0.1.0
63 silly currentTree ├─┬ original@1.0.0
63 silly currentTree │ └── url-parse@1.0.5
63 silly currentTree ├── os-browserify@0.2.1
63 silly currentTree ├── os-homedir@1.0.2
63 silly currentTree ├── os-locale@1.4.0
63 silly currentTree ├── os-tmpdir@1.0.2
63 silly currentTree ├── osenv@0.1.4
63 silly currentTree ├─┬ package-json@2.4.0
63 silly currentTree │ └── semver@5.3.0
63 silly currentTree ├── pako@0.2.9
63 silly currentTree ├── parse-filepath@1.0.1
63 silly currentTree ├── parse-glob@3.0.4
63 silly currentTree ├── parse-json@2.2.0
63 silly currentTree ├── parse-passwd@1.0.0
63 silly currentTree ├── parse-uri@1.0.0
63 silly currentTree ├── parse5@1.5.1
63 silly currentTree ├── parseurl@1.3.1
63 silly currentTree ├── path-browserify@0.0.0
63 silly currentTree ├── path-exists@2.1.0
63 silly currentTree ├── path-is-absolute@1.0.1
63 silly currentTree ├── path-root-regex@0.1.2
63 silly currentTree ├── path-root@0.1.1
63 silly currentTree ├── path-to-regexp@0.1.7
63 silly currentTree ├── path-type@1.1.0
63 silly currentTree ├── pause-stream@0.0.11
63 silly currentTree ├── pbkdf2-compat@2.0.1
63 silly currentTree ├── pify@2.3.0
63 silly currentTree ├── pinkie-promise@2.0.1
63 silly currentTree ├── pinkie@2.0.4
63 silly currentTree ├── pixi-gl-core@1.0.3
63 silly currentTree ├── pixi.js@4.3.4
63 silly currentTree ├── pkg-config@1.1.1
63 silly currentTree ├── popsicle-proxy-agent@3.0.0
63 silly currentTree ├── popsicle-retry@3.2.1
63 silly currentTree ├── popsicle-rewrite@1.0.0
63 silly currentTree ├── popsicle-status@2.0.0
63 silly currentTree ├── popsicle@9.0.0
63 silly currentTree ├── prelude-ls@1.1.2
63 silly currentTree ├── prepend-http@1.0.4
63 silly currentTree ├── preserve@0.2.0
63 silly currentTree ├── pretty-hrtime@1.0.3
63 silly currentTree ├── process-nextick-args@1.0.7
63 silly currentTree ├── process@0.11.9
63 silly currentTree ├── progress@1.1.8
63 silly currentTree ├── promise-finally@3.0.0
63 silly currentTree ├── proxy-addr@1.1.3
63 silly currentTree ├── prr@0.0.0
63 silly currentTree ├── ps-tree@1.1.0
63 silly currentTree ├── pseudomap@1.0.2
63 silly currentTree ├── punycode@1.4.1
63 silly currentTree ├── qs@6.2.1
63 silly currentTree ├── querystring-es3@0.2.1
63 silly currentTree ├── querystring@0.2.0
63 silly currentTree ├── querystringify@0.0.4
63 silly currentTree ├── quote-stream@1.0.2
63 silly currentTree ├── randomatic@1.1.6
63 silly currentTree ├── range-parser@1.2.0
63 silly currentTree ├─┬ rc@1.1.6
63 silly currentTree │ └── strip-json-comments@1.0.4
63 silly currentTree ├── read-all-stream@3.1.0
63 silly currentTree ├── read-pkg-up@1.0.1
63 silly currentTree ├── read-pkg@1.1.0
63 silly currentTree ├── readable-stream@2.0.6
63 silly currentTree ├── readdirp@2.1.0
63 silly currentTree ├── rechoir@0.6.2
63 silly currentTree ├── redent@1.0.0
63 silly currentTree ├── regex-cache@0.4.3
63 silly currentTree ├── registry-auth-token@3.1.0
63 silly currentTree ├── registry-url@3.1.0
63 silly currentTree ├── remove-trailing-separator@1.0.1
63 silly currentTree ├── repeat-element@1.1.2
63 silly currentTree ├── repeat-string@1.6.1
63 silly currentTree ├── repeating@2.0.1
63 silly currentTree ├── replace-ext@1.0.0
63 silly currentTree ├── request@2.75.0
63 silly currentTree ├── require-directory@2.1.1
63 silly currentTree ├── require-main-filename@1.0.1
63 silly currentTree ├── requirejs@2.3.2
63 silly currentTree ├── requires-port@1.0.0
63 silly currentTree ├── resolve-dir@0.1.1
63 silly currentTree ├── resolve@1.1.7
63 silly currentTree ├── resource-loader@2.0.4
63 silly currentTree ├── restore-cursor@1.0.1
63 silly currentTree ├── right-align@0.1.3
63 silly currentTree ├─┬ rimraf@2.5.4
63 silly currentTree │ └── glob@7.1.1
63 silly currentTree ├── ripemd160@0.2.0
63 silly currentTree ├── rx@2.3.24
63 silly currentTree ├── samsam@1.1.2
63 silly currentTree ├── sax@1.2.2
63 silly currentTree ├── semver-diff@2.1.0
63 silly currentTree ├── semver@5.0.3
63 silly currentTree ├── send@0.14.1
63 silly currentTree ├── sequencify@0.0.7
63 silly currentTree ├── serve-index@1.8.0
63 silly currentTree ├── serve-static@1.11.1
63 silly currentTree ├── set-blocking@2.0.0
63 silly currentTree ├── set-immediate-shim@1.0.1
63 silly currentTree ├── setimmediate@1.0.5
63 silly currentTree ├── setprototypeof@1.0.2
63 silly currentTree ├── sha.js@2.2.6
63 silly currentTree ├── shallow-copy@0.0.1
63 silly currentTree ├── shebang-command@1.2.0
63 silly currentTree ├── shebang-regex@1.0.0
63 silly currentTree ├── shell-quote@1.6.1
63 silly currentTree ├─┬ shelljs@0.7.6
63 silly currentTree │ └── glob@7.1.1
63 silly currentTree ├── sigmund@1.0.1
63 silly currentTree ├── signal-exit@3.0.2
63 silly currentTree ├── sinon@1.17.7
63 silly currentTree ├── slice-ansi@0.0.4
63 silly currentTree ├── slide@1.1.6
63 silly currentTree ├── sntp@1.0.9
63 silly currentTree ├─┬ sockjs-client@1.1.1
63 silly currentTree │ └── faye-websocket@0.11.0
63 silly currentTree ├── sockjs@0.3.18
63 silly currentTree ├── sort-keys@1.1.2
63 silly currentTree ├── soundjs@0.0.0
63 silly currentTree ├── source-list-map@0.1.8
63 silly currentTree ├─┬ source-map-support@0.4.9
63 silly currentTree │ └── source-map@0.5.6
63 silly currentTree ├── source-map@0.2.0
63 silly currentTree ├── sparkles@1.0.0
63 silly currentTree ├── spawn-default-shell@1.1.0
63 silly currentTree ├── spdx-correct@1.0.2
63 silly currentTree ├── spdx-expression-parse@1.0.4
63 silly currentTree ├── spdx-license-ids@1.2.2
63 silly currentTree ├── split@0.3.3
63 silly currentTree ├── sprintf-js@1.0.3
63 silly currentTree ├─┬ sshpk@1.10.2
63 silly currentTree │ └── assert-plus@1.0.0
63 silly currentTree ├─┬ static-eval@0.2.4
63 silly currentTree │ ├── escodegen@0.0.28
63 silly currentTree │ ├── esprima@1.0.4
63 silly currentTree │ └── estraverse@1.3.2
63 silly currentTree ├─┬ static-module@1.3.1
63 silly currentTree │ ├─┬ concat-stream@1.4.10
63 silly currentTree │ │ └── readable-stream@1.1.14
63 silly currentTree │ ├─┬ duplexer2@0.0.2
63 silly currentTree │ │ └── readable-stream@1.1.14
63 silly currentTree │ ├── escodegen@1.3.3
63 silly currentTree │ ├── esprima@1.1.1
63 silly currentTree │ ├── estraverse@1.5.1
63 silly currentTree │ ├── esutils@1.0.0
63 silly currentTree │ ├── isarray@0.0.1
63 silly currentTree │ ├── minimist@0.0.8
63 silly currentTree │ ├── object-keys@0.4.0
63 silly currentTree │ ├── quote-stream@0.0.0
63 silly currentTree │ ├── readable-stream@1.0.34
63 silly currentTree │ ├── source-map@0.1.43
63 silly currentTree │ ├── through2@0.4.2
63 silly currentTree │ └── xtend@2.1.2
63 silly currentTree ├── stats.js@0.17.0
63 silly currentTree ├── statuses@1.3.1
63 silly currentTree ├── stream-browserify@2.0.1
63 silly currentTree ├── stream-cache@0.0.2
63 silly currentTree ├── stream-combiner@0.0.4
63 silly currentTree ├── stream-consume@0.1.0
63 silly currentTree ├─┬ stream-http@2.6.2
63 silly currentTree │ └── readable-stream@2.2.2
63 silly currentTree ├── string_decoder@0.10.31
63 silly currentTree ├── string-template@1.0.0
63 silly currentTree ├── string-width@1.0.2
63 silly currentTree ├── string.prototype.padend@3.0.0
63 silly currentTree ├── stringstream@0.0.5
63 silly currentTree ├── strip-ansi@3.0.1
63 silly currentTree ├── strip-bom@2.0.0
63 silly currentTree ├── strip-indent@1.0.1
63 silly currentTree ├── strip-json-comments@2.0.1
63 silly currentTree ├── supports-color@2.0.0
63 silly currentTree ├── symbol-tree@3.2.2
63 silly currentTree ├── tapable@0.1.10
63 silly currentTree ├── thenify@3.2.1
63 silly currentTree ├── throat@3.0.0
63 silly currentTree ├── through@2.3.8
63 silly currentTree ├─┬ through2@2.0.3
63 silly currentTree │ └── readable-stream@2.2.2
63 silly currentTree ├── tildify@1.2.0
63 silly currentTree ├── time-stamp@1.0.1
63 silly currentTree ├── timed-out@3.1.3
63 silly currentTree ├── timers-browserify@2.0.2
63 silly currentTree ├── to-arraybuffer@1.0.1
63 silly currentTree ├─┬ touch@1.0.0
63 silly currentTree │ └── nopt@1.0.10
63 silly currentTree ├── tough-cookie@2.3.2
63 silly currentTree ├── tr46@0.0.3
63 silly currentTree ├── transform-loader@0.2.3
63 silly currentTree ├── tree-kill@1.1.0
63 silly currentTree ├── trim-newlines@1.0.0
63 silly currentTree ├── ts-node@2.0.0
63 silly currentTree ├── tsconfig@5.0.3
63 silly currentTree ├── tty-browserify@0.0.0
63 silly currentTree ├── tunnel-agent@0.4.3
63 silly currentTree ├── tween.js@16.3.5
63 silly currentTree ├── tweetnacl@0.14.5
63 silly currentTree ├── type-check@0.3.2
63 silly currentTree ├── type-detect@1.0.0
63 silly currentTree ├── type-is@1.6.14
63 silly currentTree ├── typedarray@0.0.6
63 silly currentTree ├── typedoc-default-themes@0.4.2
63 silly currentTree ├─┬ typedoc@0.5.5
63 silly currentTree │ ├── handlebars@4.0.5
63 silly currentTree │ └── source-map@0.4.4
63 silly currentTree ├── typescript-compiler@1.4.1-2
63 silly currentTree ├── typescript@2.1.5
63 silly currentTree ├─┬ typings-core@2.2.0
63 silly currentTree │ ├── promise-finally@2.2.1
63 silly currentTree │ └── strip-bom@3.0.0
63 silly currentTree ├─┬ typings@2.1.0
63 silly currentTree │ └── bluebird@3.4.7
63 silly currentTree ├─┬ uglify-js@2.7.5
63 silly currentTree │ ├── async@0.2.10
63 silly currentTree │ ├── camelcase@1.2.1
63 silly currentTree │ ├── cliui@2.1.0
63 silly currentTree │ ├── source-map@0.5.6
63 silly currentTree │ ├── wordwrap@0.0.2
63 silly currentTree │ └── yargs@3.10.0
63 silly currentTree ├── uglify-to-browserify@1.0.2
63 silly currentTree ├── unc-path-regex@0.1.2
63 silly currentTree ├── unique-stream@1.0.0
63 silly currentTree ├── unpipe@1.0.0
63 silly currentTree ├── unzip-response@1.0.2
63 silly currentTree ├── update-notifier@1.0.3
63 silly currentTree ├── url-parse-lax@1.0.0
63 silly currentTree ├── url-parse@1.1.7
63 silly currentTree ├─┬ url@0.11.0
63 silly currentTree │ └── punycode@1.3.2
63 silly currentTree ├── user-home@1.1.1
63 silly currentTree ├── util-deprecate@1.0.2
63 silly currentTree ├─┬ util@0.10.3
63 silly currentTree │ └── inherits@2.0.1
63 silly currentTree ├── utils-merge@1.0.0
63 silly currentTree ├── uuid@2.0.3
63 silly currentTree ├── v8flags@2.0.11
63 silly currentTree ├── validate-npm-package-license@3.0.1
63 silly currentTree ├── vary@1.1.0
63 silly currentTree ├── verror@1.3.6
63 silly currentTree ├─┬ vinyl-fs@0.3.14
63 silly currentTree │ ├── clone-stats@0.0.1
63 silly currentTree │ ├── clone@0.2.0
63 silly currentTree │ ├── graceful-fs@3.0.11
63 silly currentTree │ ├── isarray@0.0.1
63 silly currentTree │ ├── readable-stream@1.0.34
63 silly currentTree │ ├── strip-bom@1.0.0
63 silly currentTree │ ├── through2@0.6.5
63 silly currentTree │ └── vinyl@0.4.6
63 silly currentTree ├── vinyl@2.0.1
63 silly currentTree ├── vm-browserify@0.0.4
63 silly currentTree ├─┬ watchpack@0.2.9
63 silly currentTree │ └── async@0.9.2
63 silly currentTree ├── wcwidth@1.0.1
63 silly currentTree ├── webidl-conversions@4.0.0
63 silly currentTree ├─┬ webpack-core@0.6.9
63 silly currentTree │ └── source-map@0.4.4
63 silly currentTree ├─┬ webpack-dev-middleware@1.9.0
63 silly currentTree │ └── memory-fs@0.4.1
63 silly currentTree ├─┬ webpack-dev-server@1.16.2
63 silly currentTree │ └── supports-color@3.2.3
63 silly currentTree ├── webpack-merge@2.4.0
63 silly currentTree ├─┬ webpack@1.14.0
63 silly currentTree │ ├── interpret@0.6.6
63 silly currentTree │ └── supports-color@3.2.3
63 silly currentTree ├── websocket-driver@0.6.5
63 silly currentTree ├── websocket-extensions@0.1.1
63 silly currentTree ├── whatwg-encoding@1.0.1
63 silly currentTree ├─┬ whatwg-url@4.3.0
63 silly currentTree │ └── webidl-conversions@3.0.1
63 silly currentTree ├── which-module@1.0.0
63 silly currentTree ├── which@1.2.12
63 silly currentTree ├── widest-line@1.0.0
63 silly currentTree ├── window-size@0.1.0
63 silly currentTree ├── wordwrap@1.0.0
63 silly currentTree ├── wrap-ansi@2.1.0
63 silly currentTree ├── wrappy@1.0.2
63 silly currentTree ├── write-file-atomic@1.3.1
63 silly currentTree ├── xdg-basedir@2.0.0
63 silly currentTree ├── xml-name-validator@2.0.1
63 silly currentTree ├── xtend@4.0.1
63 silly currentTree ├── y18n@3.2.1
63 silly currentTree ├── yallist@2.0.0
63 silly currentTree ├── yargs-parser@4.2.1
63 silly currentTree ├── yargs@6.6.0
63 silly currentTree ├── yn@1.2.0
63 silly currentTree └── zip-object@0.1.0
64 silly idealTree lightning-js@0.2.4
64 silly idealTree ├── @types/fs-extra@0.0.33
64 silly idealTree ├── @types/handlebars@4.0.31
64 silly idealTree ├── @types/highlight.js@9.1.9
64 silly idealTree ├── @types/lodash@4.14.50
64 silly idealTree ├── @types/marked@0.0.28
64 silly idealTree ├── @types/minimatch@2.0.29
64 silly idealTree ├── @types/node@7.0.0
64 silly idealTree ├── @types/shelljs@0.3.33
64 silly idealTree ├── abab@1.0.3
64 silly idealTree ├── abbrev@1.0.9
64 silly idealTree ├── accepts@1.3.3
64 silly idealTree ├─┬ acorn-globals@3.1.0
64 silly idealTree │ └── acorn@4.0.11
64 silly idealTree ├── acorn@3.3.0
64 silly idealTree ├── agent-base@2.0.1
64 silly idealTree ├── align-text@0.1.4
64 silly idealTree ├── amdefine@1.0.1
64 silly idealTree ├── ansi-align@1.1.0
64 silly idealTree ├── ansi-escapes@1.4.0
64 silly idealTree ├── ansi-regex@2.1.1
64 silly idealTree ├── ansi-styles@2.2.1
64 silly idealTree ├── any-promise@1.3.0
64 silly idealTree ├── anymatch@1.3.0
64 silly idealTree ├── archy@1.0.0
64 silly idealTree ├── argparse@1.0.9
64 silly idealTree ├── arr-diff@2.0.0
64 silly idealTree ├── arr-flatten@1.0.1
64 silly idealTree ├── array-differ@1.0.0
64 silly idealTree ├── array-equal@1.0.0
64 silly idealTree ├── array-filter@0.0.1
64 silly idealTree ├── array-find-index@1.0.2
64 silly idealTree ├── array-flatten@1.1.1
64 silly idealTree ├── array-map@0.0.0
64 silly idealTree ├── array-reduce@0.0.0
64 silly idealTree ├── array-uniq@1.0.3
64 silly idealTree ├── array-unique@0.2.1
64 silly idealTree ├── arrify@1.0.1
64 silly idealTree ├── asn1@0.2.3
64 silly idealTree ├── assert-plus@0.2.0
64 silly idealTree ├── assert@1.4.1
64 silly idealTree ├── assertion-error@1.0.2
64 silly idealTree ├── async-each@1.0.1
64 silly idealTree ├── async@1.5.2
64 silly idealTree ├── asynckit@0.4.0
64 silly idealTree ├── aws-sign2@0.6.0
64 silly idealTree ├── aws4@1.5.0
64 silly idealTree ├── balanced-match@0.4.2
64 silly idealTree ├── base64-js@1.2.0
64 silly idealTree ├── batch@0.5.3
64 silly idealTree ├── bcrypt-pbkdf@1.0.0
64 silly idealTree ├── beeper@1.1.1
64 silly idealTree ├── big.js@3.1.3
64 silly idealTree ├── binary-extensions@1.8.0
64 silly idealTree ├── bit-twiddle@1.0.2
64 silly idealTree ├── bl@1.1.2
64 silly idealTree ├── bluebird@2.11.0
64 silly idealTree ├── boom@2.10.1
64 silly idealTree ├── box2d@1.0.0
64 silly idealTree ├─┬ boxen@0.6.0
64 silly idealTree │ └── camelcase@2.1.1
64 silly idealTree ├── brace-expansion@1.1.6
64 silly idealTree ├── braces@1.8.5
64 silly idealTree ├── brfs@1.4.3
64 silly idealTree ├── browser-stdout@1.3.0
64 silly idealTree ├── browserify-aes@0.4.0
64 silly idealTree ├── browserify-zlib@0.1.4
64 silly idealTree ├── buffer-equal@0.0.1
64 silly idealTree ├── buffer-shims@1.0.0
64 silly idealTree ├── buffer@4.9.1
64 silly idealTree ├── builtin-modules@1.1.1
64 silly idealTree ├── builtin-status-codes@3.0.0
64 silly idealTree ├── bytes@2.3.0
64 silly idealTree ├─┬ camelcase-keys@2.1.0
64 silly idealTree │ └── camelcase@2.1.1
64 silly idealTree ├── camelcase@3.0.0
64 silly idealTree ├── canvas@1.6.3
64 silly idealTree ├── capture-stack-trace@1.0.0
64 silly idealTree ├── caseless@0.11.0
64 silly idealTree ├── center-align@0.1.3
64 silly idealTree ├── chai@3.5.0
64 silly idealTree ├── chalk@1.1.3
64 silly idealTree ├── chokidar@1.6.1
64 silly idealTree ├── cli-boxes@1.0.0
64 silly idealTree ├── cli-cursor@1.0.2
64 silly idealTree ├── cli-truncate@0.2.1
64 silly idealTree ├── cliui@3.2.0
64 silly idealTree ├── clone-buffer@1.0.0
64 silly idealTree ├── clone-stats@1.0.0
64 silly idealTree ├── clone@1.0.2
64 silly idealTree ├── cloneable-readable@1.0.0
64 silly idealTree ├── code-point-at@1.1.0
64 silly idealTree ├── columnify@1.5.4
64 silly idealTree ├── combined-stream@1.0.5
64 silly idealTree ├── commander@2.9.0
64 silly idealTree ├── compressible@2.0.9
64 silly idealTree ├── compression@1.6.2
64 silly idealTree ├─┬ concat-files@0.1.1
64 silly idealTree │ └── async@0.2.10
64 silly idealTree ├── concat-map@0.0.1
64 silly idealTree ├─┬ concat-stream@1.6.0
64 silly idealTree │ └── readable-stream@2.2.2
64 silly idealTree ├─┬ concat-with-sourcemaps@1.0.4
64 silly idealTree │ └── source-map@0.5.6
64 silly idealTree ├─┬ concurrently@3.1.0
64 silly idealTree │ ├── ansi-regex@0.2.1
64 silly idealTree │ ├── ansi-styles@1.1.0
64 silly idealTree │ ├── bluebird@2.9.6
64 silly idealTree │ ├── chalk@0.5.1
64 silly idealTree │ ├── commander@2.6.0
64 silly idealTree │ ├── has-ansi@0.1.0
64 silly idealTree │ ├── strip-ansi@0.3.0
64 silly idealTree │ └── supports-color@0.2.0
64 silly idealTree ├── configstore@2.1.0
64 silly idealTree ├── connect-history-api-fallback@1.3.0
64 silly idealTree ├── console-browserify@1.1.0
64 silly idealTree ├── constants-browserify@1.0.0
64 silly idealTree ├── content-disposition@0.5.1
64 silly idealTree ├── content-type-parser@1.0.1
64 silly idealTree ├── content-type@1.0.2
64 silly idealTree ├── cookie-signature@1.0.6
64 silly idealTree ├── cookie@0.3.1
64 silly idealTree ├─┬ copy-webpack-plugin@4.0.1
64 silly idealTree │ ├── fs-extra@0.26.7
64 silly idealTree │ ├── glob@6.0.4
64 silly idealTree │ ├── is-extglob@2.1.1
64 silly idealTree │ └── is-glob@3.1.0
64 silly idealTree ├── core-util-is@1.0.2
64 silly idealTree ├── coveralls@2.11.15
64 silly idealTree ├── create-error-class@3.0.2
64 silly idealTree ├── createjs-soundjs@0.6.2
64 silly idealTree ├── cross-spawn@5.0.1
64 silly idealTree ├── cryptiles@2.0.5
64 silly idealTree ├── crypto-browserify@3.3.0
64 silly idealTree ├── cssom@0.3.2
64 silly idealTree ├── cssstyle@0.2.37
64 silly idealTree ├── currently-unhandled@0.4.1
64 silly idealTree ├─┬ dashdash@1.14.1
64 silly idealTree │ └── assert-plus@1.0.0
64 silly idealTree ├── date-now@0.1.4
64 silly idealTree ├── dateformat@2.0.0
64 silly idealTree ├── debug-log@1.0.1
64 silly idealTree ├── debug@2.2.0
64 silly idealTree ├── decamelize@1.2.0
64 silly idealTree ├─┬ deep-eql@0.1.3
64 silly idealTree │ └── type-detect@0.1.1
64 silly idealTree ├── deep-extend@0.4.1
64 silly idealTree ├── deep-is@0.1.3
64 silly idealTree ├── defaults@1.0.3
64 silly idealTree ├── define-properties@1.1.2
64 silly idealTree ├── delayed-stream@1.0.0
64 silly idealTree ├── depd@1.1.0
64 silly idealTree ├── deprecated@0.0.1
64 silly idealTree ├── destroy@1.0.4
64 silly idealTree ├── detect-file@0.1.0
64 silly idealTree ├── detect-indent@5.0.0
64 silly idealTree ├── diff@3.2.0
64 silly idealTree ├── domain-browser@1.1.7
64 silly idealTree ├── dot-prop@3.0.0
64 silly idealTree ├── duplexer@0.1.1
64 silly idealTree ├── duplexer2@0.1.4
64 silly idealTree ├── earcut@2.1.1
64 silly idealTree ├── ecc-jsbn@0.1.1
64 silly idealTree ├── ee-first@1.1.1
64 silly idealTree ├── elegant-spinner@1.0.1
64 silly idealTree ├── emojis-list@2.1.0
64 silly idealTree ├── encodeurl@1.0.1
64 silly idealTree ├─┬ end-of-stream@0.1.5
64 silly idealTree │ └── once@1.3.3
64 silly idealTree ├─┬ enhanced-resolve@0.9.1
64 silly idealTree │ └── memory-fs@0.2.0
64 silly idealTree ├── errno@0.1.4
64 silly idealTree ├── error-ex@1.3.0
64 silly idealTree ├── es-abstract@1.6.1
64 silly idealTree ├── es-to-primitive@1.1.1
64 silly idealTree ├── escape-html@1.0.3
64 silly idealTree ├── escape-string-regexp@1.0.5
64 silly idealTree ├── escodegen@1.8.1
64 silly idealTree ├── esprima@2.7.3
64 silly idealTree ├── estraverse@1.9.3
64 silly idealTree ├── esutils@2.0.2
64 silly idealTree ├── etag@1.7.0
64 silly idealTree ├── event-stream@3.3.4
64 silly idealTree ├── eventemitter3@2.0.2
64 silly idealTree ├── events@1.1.1
64 silly idealTree ├── eventsource@0.1.6
64 silly idealTree ├── exit-hook@1.1.1
64 silly idealTree ├── expand-brackets@0.1.5
64 silly idealTree ├── expand-range@1.8.2
64 silly idealTree ├── expand-tilde@1.2.2
64 silly idealTree ├─┬ express@4.14.0
64 silly idealTree │ └── qs@6.2.0
64 silly idealTree ├── extend@3.0.0
64 silly idealTree ├── extglob@0.3.2
64 silly idealTree ├── extsprintf@1.0.2
64 silly idealTree ├─┬ falafel@1.2.0
64 silly idealTree │ ├── acorn@1.2.2
64 silly idealTree │ └── isarray@0.0.1
64 silly idealTree ├── fancy-log@1.3.0
64 silly idealTree ├── fast-levenshtein@2.0.6
64 silly idealTree ├── faye-websocket@0.10.0
64 silly idealTree ├── filename-regex@2.0.0
64 silly idealTree ├── fill-range@2.2.3
64 silly idealTree ├── filled-array@1.1.0
64 silly idealTree ├── finalhandler@0.5.0
64 silly idealTree ├── find-index@0.1.1
64 silly idealTree ├── find-root@1.0.0
64 silly idealTree ├── find-up@1.1.2
64 silly idealTree ├── findup-sync@0.4.3
64 silly idealTree ├── fined@1.0.2
64 silly idealTree ├── first-chunk-stream@1.0.0
64 silly idealTree ├── flagged-respawn@0.3.2
64 silly idealTree ├── for-in@0.1.6
64 silly idealTree ├── for-own@0.1.4
64 silly idealTree ├── foreach@2.0.5
64 silly idealTree ├── forever-agent@0.6.1
64 silly idealTree ├── form-data@2.0.0
64 silly idealTree ├── formatio@1.1.1
64 silly idealTree ├── forwarded@0.1.0
64 silly idealTree ├── fresh@0.3.0
64 silly idealTree ├── from@0.1.3
64 silly idealTree ├── fs-exists-sync@0.1.0
64 silly idealTree ├── fs-extra@0.30.0
64 silly idealTree ├── fs.realpath@1.0.0
64 silly idealTree ├── fs@0.0.1-security
64 silly idealTree ├─┬ fsevents@1.0.17
64 silly idealTree │ ├── abbrev@1.0.9
64 silly idealTree │ ├── ansi-regex@2.0.0
64 silly idealTree │ ├── ansi-styles@2.2.1
64 silly idealTree │ ├── aproba@1.0.4
64 silly idealTree │ ├── are-we-there-yet@1.1.2
64 silly idealTree │ ├── asn1@0.2.3
64 silly idealTree │ ├── assert-plus@0.2.0
64 silly idealTree │ ├── asynckit@0.4.0
64 silly idealTree │ ├── aws-sign2@0.6.0
64 silly idealTree │ ├── aws4@1.5.0
64 silly idealTree │ ├── balanced-match@0.4.2
64 silly idealTree │ ├── bcrypt-pbkdf@1.0.0
64 silly idealTree │ ├── block-stream@0.0.9
64 silly idealTree │ ├── boom@2.10.1
64 silly idealTree │ ├── brace-expansion@1.1.6
64 silly idealTree │ ├── buffer-shims@1.0.0
64 silly idealTree │ ├── caseless@0.11.0
64 silly idealTree │ ├─┬ chalk@1.1.3
64 silly idealTree │ │ └── supports-color@2.0.0
64 silly idealTree │ ├── code-point-at@1.1.0
64 silly idealTree │ ├── combined-stream@1.0.5
64 silly idealTree │ ├── commander@2.9.0
64 silly idealTree │ ├── concat-map@0.0.1
64 silly idealTree │ ├── console-control-strings@1.1.0
64 silly idealTree │ ├── core-util-is@1.0.2
64 silly idealTree │ ├── cryptiles@2.0.5
64 silly idealTree │ ├─┬ dashdash@1.14.1
64 silly idealTree │ │ └── assert-plus@1.0.0
64 silly idealTree │ ├── debug@2.2.0
64 silly idealTree │ ├── deep-extend@0.4.1
64 silly idealTree │ ├── delayed-stream@1.0.0
64 silly idealTree │ ├── delegates@1.0.0
64 silly idealTree │ ├── ecc-jsbn@0.1.1
64 silly idealTree │ ├── escape-string-regexp@1.0.5
64 silly idealTree │ ├── extend@3.0.0
64 silly idealTree │ ├── extsprintf@1.0.2
64 silly idealTree │ ├── forever-agent@0.6.1
64 silly idealTree │ ├── form-data@2.1.2
64 silly idealTree │ ├── fs.realpath@1.0.0
64 silly idealTree │ ├── fstream-ignore@1.0.5
64 silly idealTree │ ├── fstream@1.0.10
64 silly idealTree │ ├── gauge@2.7.2
64 silly idealTree │ ├── generate-function@2.0.0
64 silly idealTree │ ├── generate-object-property@1.2.0
64 silly idealTree │ ├─┬ getpass@0.1.6
64 silly idealTree │ │ └── assert-plus@1.0.0
64 silly idealTree │ ├── glob@7.1.1
64 silly idealTree │ ├── graceful-fs@4.1.11
64 silly idealTree │ ├── graceful-readlink@1.0.1
64 silly idealTree │ ├── har-validator@2.0.6
64 silly idealTree │ ├── has-ansi@2.0.0
64 silly idealTree │ ├── has-unicode@2.0.1
64 silly idealTree │ ├── hawk@3.1.3
64 silly idealTree │ ├── hoek@2.16.3
64 silly idealTree │ ├── http-signature@1.1.1
64 silly idealTree │ ├── inflight@1.0.6
64 silly idealTree │ ├── inherits@2.0.3
64 silly idealTree │ ├── ini@1.3.4
64 silly idealTree │ ├── is-fullwidth-code-point@1.0.0
64 silly idealTree │ ├── is-my-json-valid@2.15.0
64 silly idealTree │ ├── is-property@1.0.2
64 silly idealTree │ ├── is-typedarray@1.0.0
64 silly idealTree │ ├── isarray@1.0.0
64 silly idealTree │ ├── isstream@0.1.2
64 silly idealTree │ ├── jodid25519@1.0.2
64 silly idealTree │ ├── jsbn@0.1.0
64 silly idealTree │ ├── json-schema@0.2.3
64 silly idealTree │ ├── json-stringify-safe@5.0.1
64 silly idealTree │ ├── jsonpointer@4.0.1
64 silly idealTree │ ├── jsprim@1.3.1
64 silly idealTree │ ├── mime-db@1.25.0
64 silly idealTree │ ├── mime-types@2.1.13
64 silly idealTree │ ├── minimatch@3.0.3
64 silly idealTree │ ├── minimist@0.0.8
64 silly idealTree │ ├── mkdirp@0.5.1
64 silly idealTree │ ├── ms@0.7.1
64 silly idealTree │ ├── node-pre-gyp@0.6.32
64 silly idealTree │ ├── nopt@3.0.6
64 silly idealTree │ ├── npmlog@4.0.2
64 silly idealTree │ ├── number-is-nan@1.0.1
64 silly idealTree │ ├── oauth-sign@0.8.2
64 silly idealTree │ ├── object-assign@4.1.0
64 silly idealTree │ ├── once@1.4.0
64 silly idealTree │ ├── path-is-absolute@1.0.1
64 silly idealTree │ ├── pinkie-promise@2.0.1
64 silly idealTree │ ├── pinkie@2.0.4
64 silly idealTree │ ├── process-nextick-args@1.0.7
64 silly idealTree │ ├── punycode@1.4.1
64 silly idealTree │ ├── qs@6.3.0
64 silly idealTree │ ├─┬ rc@1.1.6
64 silly idealTree │ │ └── minimist@1.2.0
64 silly idealTree │ ├── readable-stream@2.2.2
64 silly idealTree │ ├── request@2.79.0
64 silly idealTree │ ├── rimraf@2.5.4
64 silly idealTree │ ├── semver@5.3.0
64 silly idealTree │ ├── set-blocking@2.0.0
64 silly idealTree │ ├── signal-exit@3.0.2
64 silly idealTree │ ├── sntp@1.0.9
64 silly idealTree │ ├─┬ sshpk@1.10.1
64 silly idealTree │ │ └── assert-plus@1.0.0
64 silly idealTree │ ├── string_decoder@0.10.31
64 silly idealTree │ ├── string-width@1.0.2
64 silly idealTree │ ├── stringstream@0.0.5
64 silly idealTree │ ├── strip-ansi@3.0.1
64 silly idealTree │ ├── strip-json-comments@1.0.4
64 silly idealTree │ ├── supports-color@0.2.0
64 silly idealTree │ ├─┬ tar-pack@3.3.0
64 silly idealTree │ │ ├── once@1.3.3
64 silly idealTree │ │ └── readable-stream@2.1.5
64 silly idealTree │ ├── tar@2.2.1
64 silly idealTree │ ├── tough-cookie@2.3.2
64 silly idealTree │ ├── tunnel-agent@0.4.3
64 silly idealTree │ ├── tweetnacl@0.14.5
64 silly idealTree │ ├── uid-number@0.0.6
64 silly idealTree │ ├── util-deprecate@1.0.2
64 silly idealTree │ ├── uuid@3.0.1
64 silly idealTree │ ├── verror@1.3.6
64 silly idealTree │ ├── wide-align@1.1.0
64 silly idealTree │ ├── wrappy@1.0.2
64 silly idealTree │ └── xtend@4.0.1
64 silly idealTree ├── function-bind@1.1.0
64 silly idealTree ├── gaze@0.5.2
64 silly idealTree ├── generate-function@2.0.0
64 silly idealTree ├── generate-object-property@1.2.0
64 silly idealTree ├── get-caller-file@1.0.2
64 silly idealTree ├── get-stdin@4.0.1
64 silly idealTree ├─┬ getpass@0.1.6
64 silly idealTree │ └── assert-plus@1.0.0
64 silly idealTree ├── glob-base@0.3.0
64 silly idealTree ├── glob-parent@2.0.0
64 silly idealTree ├─┬ glob-stream@3.1.18
64 silly idealTree │ ├── glob@4.5.3
64 silly idealTree │ ├── isarray@0.0.1
64 silly idealTree │ ├── minimatch@2.0.10
64 silly idealTree │ ├── readable-stream@1.0.34
64 silly idealTree │ └── through2@0.6.5
64 silly idealTree ├── glob-watcher@0.0.6
64 silly idealTree ├── glob@5.0.15
64 silly idealTree ├── glob2base@0.0.12
64 silly idealTree ├── global-modules@0.2.3
64 silly idealTree ├── global-prefix@0.1.5
64 silly idealTree ├─┬ globule@0.1.0
64 silly idealTree │ ├── glob@3.1.21
64 silly idealTree │ ├── graceful-fs@1.2.3
64 silly idealTree │ ├── inherits@1.0.2
64 silly idealTree │ ├── lodash@1.0.2
64 silly idealTree │ ├── lru-cache@2.7.3
64 silly idealTree │ └── minimatch@0.2.14
64 silly idealTree ├── glogg@1.0.0
64 silly idealTree ├── got@5.7.1
64 silly idealTree ├── graceful-fs@4.1.11
64 silly idealTree ├── graceful-readlink@1.0.1
64 silly idealTree ├── growl@1.9.2
64 silly idealTree ├── gulp-concat@2.6.1
64 silly idealTree ├─┬ gulp-minify@0.0.15
64 silly idealTree │ ├── ansi-regex@0.2.1
64 silly idealTree │ ├── ansi-styles@1.1.0
64 silly idealTree │ ├── chalk@0.5.1
64 silly idealTree │ ├── clone-stats@0.0.1
64 silly idealTree │ ├── dateformat@1.0.12
64 silly idealTree │ ├─┬ gulp-util@2.2.20
64 silly idealTree │ │ └── through2@0.5.1
64 silly idealTree │ ├── has-ansi@0.1.0
64 silly idealTree │ ├── isarray@0.0.1
64 silly idealTree │ ├── lodash._reinterpolate@2.4.1
64 silly idealTree │ ├── lodash.escape@2.4.1
64 silly idealTree │ ├── lodash.keys@2.4.1
64 silly idealTree │ ├── lodash.template@2.4.1
64 silly idealTree │ ├── lodash.templatesettings@2.4.1
64 silly idealTree │ ├── minimist@0.2.0
64 silly idealTree │ ├── object-keys@0.4.0
64 silly idealTree │ ├── readable-stream@1.0.34
64 silly idealTree │ ├── strip-ansi@0.3.0
64 silly idealTree │ ├── supports-color@0.2.0
64 silly idealTree │ ├─┬ through2@0.4.2
64 silly idealTree │ │ └── xtend@2.1.2
64 silly idealTree │ ├── vinyl@0.2.3
64 silly idealTree │ └── xtend@3.0.0
64 silly idealTree ├─┬ gulp-util@3.0.8
64 silly idealTree │ ├── clone-stats@0.0.1
64 silly idealTree │ ├── object-assign@3.0.0
64 silly idealTree │ ├── replace-ext@0.0.1
64 silly idealTree │ └── vinyl@0.5.3
64 silly idealTree ├─┬ gulp@3.9.1
64 silly idealTree │ └── semver@4.3.6
64 silly idealTree ├── gulplog@1.0.0
64 silly idealTree ├─┬ handlebars@4.0.6
64 silly idealTree │ └── source-map@0.4.4
64 silly idealTree ├── har-validator@2.0.6
64 silly idealTree ├── has-ansi@2.0.0
64 silly idealTree ├── has-flag@1.0.0
64 silly idealTree ├── has-gulplog@0.1.0
64 silly idealTree ├── has-unicode@2.0.1
64 silly idealTree ├── has@1.0.1
64 silly idealTree ├── hawk@3.1.3
64 silly idealTree ├── highlight.js@9.9.0
64 silly idealTree ├── hoek@2.16.3
64 silly idealTree ├── homedir-polyfill@1.0.1
64 silly idealTree ├── hosted-git-info@2.1.5
64 silly idealTree ├── html-encoding-sniffer@1.0.1
64 silly idealTree ├── http-errors@1.5.1
64 silly idealTree ├── http-proxy-agent@1.0.0
64 silly idealTree ├─┬ http-proxy-middleware@0.17.3
64 silly idealTree │ ├── is-extglob@2.1.1
64 silly idealTree │ └── is-glob@3.1.0
64 silly idealTree ├─┬ http-proxy@1.16.2
64 silly idealTree │ └── eventemitter3@1.2.0
64 silly idealTree ├── http-signature@1.1.1
64 silly idealTree ├── https-browserify@0.0.1
64 silly idealTree ├── https-proxy-agent@1.0.0
64 silly idealTree ├── iconv-lite@0.4.13
64 silly idealTree ├── ieee754@1.1.8
64 silly idealTree ├── imurmurhash@0.1.4
64 silly idealTree ├── indent-string@2.1.0
64 silly idealTree ├── indexof@0.0.1
64 silly idealTree ├── inflight@1.0.6
64 silly idealTree ├── inherits@2.0.3
64 silly idealTree ├── ini@1.3.4
64 silly idealTree ├── interpret@1.0.1
64 silly idealTree ├── invariant@2.2.2
64 silly idealTree ├── invert-kv@1.0.0
64 silly idealTree ├── ipaddr.js@1.2.0
64 silly idealTree ├── is-absolute@0.2.6
64 silly idealTree ├── is-arrayish@0.2.1
64 silly idealTree ├── is-binary-path@1.0.1
64 silly idealTree ├── is-buffer@1.1.4
64 silly idealTree ├── is-builtin-module@1.0.0
64 silly idealTree ├── is-callable@1.1.3
64 silly idealTree ├── is-date-object@1.0.1
64 silly idealTree ├── is-dotfile@1.0.2
64 silly idealTree ├── is-equal-shallow@0.1.3
64 silly idealTree ├── is-extendable@0.1.1
64 silly idealTree ├── is-extglob@1.0.0
64 silly idealTree ├── is-finite@1.0.2
64 silly idealTree ├── is-fullwidth-code-point@1.0.0
64 silly idealTree ├── is-glob@2.0.1
64 silly idealTree ├── is-my-json-valid@2.15.0
64 silly idealTree ├── is-npm@1.0.0
64 silly idealTree ├── is-number@2.1.0
64 silly idealTree ├── is-obj@1.0.1
64 silly idealTree ├── is-plain-obj@1.1.0
64 silly idealTree ├── is-posix-bracket@0.1.1
64 silly idealTree ├── is-primitive@2.0.0
64 silly idealTree ├── is-property@1.0.2
64 silly idealTree ├── is-redirect@1.0.0
64 silly idealTree ├── is-regex@1.0.3
64 silly idealTree ├── is-relative@0.2.1
64 silly idealTree ├── is-retry-allowed@1.1.0
64 silly idealTree ├── is-stream@1.1.0
64 silly idealTree ├── is-symbol@1.0.1
64 silly idealTree ├── is-typedarray@1.0.0
64 silly idealTree ├── is-unc-path@0.1.2
64 silly idealTree ├── is-utf8@0.2.1
64 silly idealTree ├── is-windows@0.2.0
64 silly idealTree ├── isarray@1.0.0
64 silly idealTree ├── isexe@1.1.2
64 silly idealTree ├── ismobilejs@0.4.0
64 silly idealTree ├── isobject@2.1.0
64 silly idealTree ├── isstream@0.1.2
64 silly idealTree ├─┬ istanbul@0.4.5
64 silly idealTree │ └── supports-color@3.2.3
64 silly idealTree ├── jodid25519@1.0.2
64 silly idealTree ├── js-tokens@3.0.0
64 silly idealTree ├── js-yaml@3.6.1
64 silly idealTree ├── jsbn@0.1.0
64 silly idealTree ├── jsdom-global@2.1.1
64 silly idealTree ├─┬ jsdom@9.11.0
64 silly idealTree │ ├── acorn@4.0.11
64 silly idealTree │ ├── form-data@2.1.2
64 silly idealTree │ ├── qs@6.3.1
64 silly idealTree │ ├── request@2.79.0
64 silly idealTree │ └── uuid@3.0.1
64 silly idealTree ├── json-schema@0.2.3
64 silly idealTree ├── json-stringify-safe@5.0.1
64 silly idealTree ├── json3@3.3.2
64 silly idealTree ├── json5@0.5.1
64 silly idealTree ├── jsonfile@2.4.0
64 silly idealTree ├── jsonify@0.0.0
64 silly idealTree ├── jsonpointer@4.0.1
64 silly idealTree ├─┬ jspm-config@0.3.4
64 silly idealTree │ └── strip-bom@3.0.0
64 silly idealTree ├── jsprim@1.3.1
64 silly idealTree ├── kind-of@3.1.0
64 silly idealTree ├── klaw@1.3.1
64 silly idealTree ├── latest-version@2.0.0
64 silly idealTree ├── lazy-cache@1.0.4
64 silly idealTree ├── lazy-req@1.1.0
64 silly idealTree ├── lcid@1.0.0
64 silly idealTree ├── lcov-parse@0.0.10
64 silly idealTree ├── levn@0.3.0
64 silly idealTree ├── liftoff@2.3.0
64 silly idealTree ├── listify@1.0.0
64 silly idealTree ├── load-json-file@1.1.0
64 silly idealTree ├── loader-utils@0.2.16
64 silly idealTree ├── lockfile@1.0.3
64 silly idealTree ├── lodash._baseassign@3.2.0
64 silly idealTree ├── lodash._basecopy@3.0.1
64 silly idealTree ├── lodash._basecreate@3.0.3
64 silly idealTree ├── lodash._basetostring@3.0.1
64 silly idealTree ├── lodash._basevalues@3.0.0
64 silly idealTree ├── lodash._escapehtmlchar@2.4.1
64 silly idealTree ├── lodash._escapestringchar@2.4.1
64 silly idealTree ├── lodash._getnative@3.9.1
64 silly idealTree ├── lodash._htmlescapes@2.4.1
64 silly idealTree ├── lodash._isiterateecall@3.0.9
64 silly idealTree ├── lodash._isnative@2.4.1
64 silly idealTree ├── lodash._objecttypes@2.4.1
64 silly idealTree ├── lodash._reescape@3.0.0
64 silly idealTree ├── lodash._reevaluate@3.0.0
64 silly idealTree ├── lodash._reinterpolate@3.0.0
64 silly idealTree ├─┬ lodash._reunescapedhtml@2.4.1
64 silly idealTree │ └── lodash.keys@2.4.1
64 silly idealTree ├── lodash._root@3.0.1
64 silly idealTree ├── lodash._shimkeys@2.4.1
64 silly idealTree ├── lodash.assignwith@4.2.0
64 silly idealTree ├── lodash.create@3.1.1
64 silly idealTree ├─┬ lodash.defaults@2.4.1
64 silly idealTree │ └── lodash.keys@2.4.1
64 silly idealTree ├── lodash.escape@3.2.0
64 silly idealTree ├── lodash.isarguments@3.1.0
64 silly idealTree ├── lodash.isarray@3.0.4
64 silly idealTree ├── lodash.isempty@4.4.0
64 silly idealTree ├── lodash.isobject@2.4.1
64 silly idealTree ├── lodash.isplainobject@4.0.6
64 silly idealTree ├── lodash.isstring@4.0.1
64 silly idealTree ├── lodash.keys@3.1.2
64 silly idealTree ├── lodash.mapvalues@4.6.0
64 silly idealTree ├── lodash.pick@4.4.0
64 silly idealTree ├── lodash.restparam@3.6.1
64 silly idealTree ├── lodash.template@3.6.2
64 silly idealTree ├── lodash.templatesettings@3.1.1
64 silly idealTree ├─┬ lodash.values@2.4.1
64 silly idealTree │ └── lodash.keys@2.4.1
64 silly idealTree ├── lodash@4.17.4
64 silly idealTree ├── log-driver@1.2.5
64 silly idealTree ├── log-update@1.0.2
64 silly idealTree ├── lolex@1.3.2
64 silly idealTree ├── longest@1.0.1
64 silly idealTree ├── loose-envify@1.3.1
64 silly idealTree ├── loud-rejection@1.6.0
64 silly idealTree ├── lowercase-keys@1.0.0
64 silly idealTree ├── lru-cache@4.0.2
64 silly idealTree ├── make-error-cause@1.2.2
64 silly idealTree ├── make-error@1.2.1
64 silly idealTree ├── map-cache@0.2.2
64 silly idealTree ├── map-obj@1.0.1
64 silly idealTree ├── map-stream@0.1.0
64 silly idealTree ├── marked@0.3.6
64 silly idealTree ├── matter-js@0.11.1
64 silly idealTree ├── media-typer@0.3.0
64 silly idealTree ├── memory-fs@0.3.0
64 silly idealTree ├── meow@3.7.0
64 silly idealTree ├── merge-descriptors@1.0.1
64 silly idealTree ├── methods@1.1.2
64 silly idealTree ├── micromatch@2.3.11
64 silly idealTree ├── mime-db@1.26.0
64 silly idealTree ├── mime-types@2.1.14
64 silly idealTree ├── mime@1.3.4
64 silly idealTree ├── mini-signals@1.1.1
64 silly idealTree ├── minimatch@3.0.3
64 silly idealTree ├── minimist@1.2.0
64 silly idealTree ├─┬ mkdirp@0.5.1
64 silly idealTree │ └── minimist@0.0.8
64 silly idealTree ├── mocha-jsdom@1.1.0
64 silly idealTree ├─┬ mocha@3.2.0
64 silly idealTree │ ├── diff@1.4.0
64 silly idealTree │ ├── glob@7.0.5
64 silly idealTree │ └── supports-color@3.1.2
64 silly idealTree ├── moment@2.17.1
64 silly idealTree ├── ms@0.7.1
64 silly idealTree ├─┬ multipipe@0.1.2
64 silly idealTree │ ├── duplexer2@0.0.2
64 silly idealTree │ ├── isarray@0.0.1
64 silly idealTree │ └── readable-stream@1.1.14
64 silly idealTree ├── nan@2.5.0
64 silly idealTree ├── natives@1.1.0
64 silly idealTree ├── negotiator@0.6.1
64 silly idealTree ├── node-dir@0.1.16
64 silly idealTree ├── node-libs-browser@0.7.0
64 silly idealTree ├── node-status-codes@1.0.0
64 silly idealTree ├── node-uuid@1.4.7
64 silly idealTree ├── nopt@3.0.6
64 silly idealTree ├── normalize-package-data@2.3.5
64 silly idealTree ├── normalize-path@2.0.1
64 silly idealTree ├─┬ npm-run-all@4.0.0
64 silly idealTree │ ├── load-json-file@2.0.0
64 silly idealTree │ ├── path-type@2.0.0
64 silly idealTree │ ├── read-pkg@2.0.0
64 silly idealTree │ └── strip-bom@3.0.0
64 silly idealTree ├── number-is-nan@1.0.1
64 silly idealTree ├── nwmatcher@1.3.9
64 silly idealTree ├── oauth-sign@0.8.2
64 silly idealTree ├── object-assign@4.1.0
64 silly idealTree ├── object-inspect@0.4.0
64 silly idealTree ├── object-keys@1.0.11
64 silly idealTree ├── object.omit@2.0.1
64 silly idealTree ├── object.pick@1.2.0
64 silly idealTree ├── on-finished@2.3.0
64 silly idealTree ├── on-headers@1.0.1
64 silly idealTree ├── once@1.4.0
64 silly idealTree ├── onetime@1.1.0
64 silly idealTree ├── open@0.0.5
64 silly idealTree ├─┬ optimist@0.6.1
64 silly idealTree │ ├── minimist@0.0.10
64 silly idealTree │ └── wordwrap@0.0.3
64 silly idealTree ├── optionator@0.8.2
64 silly idealTree ├── orchestrator@0.3.8
64 silly idealTree ├── ordered-read-streams@0.1.0
64 silly idealTree ├─┬ original@1.0.0
64 silly idealTree │ └── url-parse@1.0.5
64 silly idealTree ├── os-browserify@0.2.1
64 silly idealTree ├── os-homedir@1.0.2
64 silly idealTree ├── os-locale@1.4.0
64 silly idealTree ├── os-tmpdir@1.0.2
64 silly idealTree ├── osenv@0.1.4
64 silly idealTree ├─┬ package-json@2.4.0
64 silly idealTree │ └── semver@5.3.0
64 silly idealTree ├── pako@0.2.9
64 silly idealTree ├── parse-filepath@1.0.1
64 silly idealTree ├── parse-glob@3.0.4
64 silly idealTree ├── parse-json@2.2.0
64 silly idealTree ├── parse-passwd@1.0.0
64 silly idealTree ├── parse-uri@1.0.0
64 silly idealTree ├── parse5@1.5.1
64 silly idealTree ├── parseurl@1.3.1
64 silly idealTree ├── path-browserify@0.0.0
64 silly idealTree ├── path-exists@2.1.0
64 silly idealTree ├── path-is-absolute@1.0.1
64 silly idealTree ├── path-root-regex@0.1.2
64 silly idealTree ├── path-root@0.1.1
64 silly idealTree ├── path-to-regexp@0.1.7
64 silly idealTree ├── path-type@1.1.0
64 silly idealTree ├── pause-stream@0.0.11
64 silly idealTree ├── pbkdf2-compat@2.0.1
64 silly idealTree ├── pify@2.3.0
64 silly idealTree ├── pinkie-promise@2.0.1
64 silly idealTree ├── pinkie@2.0.4
64 silly idealTree ├── pixi-gl-core@1.0.3
64 silly idealTree ├── pixi.js@4.3.4
64 silly idealTree ├── pkg-config@1.1.1
64 silly idealTree ├── popsicle-proxy-agent@3.0.0
64 silly idealTree ├── popsicle-retry@3.2.1
64 silly idealTree ├── popsicle-rewrite@1.0.0
64 silly idealTree ├── popsicle-status@2.0.0
64 silly idealTree ├── popsicle@9.0.0
64 silly idealTree ├── prelude-ls@1.1.2
64 silly idealTree ├── prepend-http@1.0.4
64 silly idealTree ├── preserve@0.2.0
64 silly idealTree ├── pretty-hrtime@1.0.3
64 silly idealTree ├── process-nextick-args@1.0.7
64 silly idealTree ├── process@0.11.9
64 silly idealTree ├── progress@1.1.8
64 silly idealTree ├── promise-finally@3.0.0
64 silly idealTree ├── proxy-addr@1.1.3
64 silly idealTree ├── prr@0.0.0
64 silly idealTree ├── ps-tree@1.1.0
64 silly idealTree ├── pseudomap@1.0.2
64 silly idealTree ├── punycode@1.4.1
64 silly idealTree ├── qs@6.2.1
64 silly idealTree ├── querystring-es3@0.2.1
64 silly idealTree ├── querystring@0.2.0
64 silly idealTree ├── querystringify@0.0.4
64 silly idealTree ├── quote-stream@1.0.2
64 silly idealTree ├── randomatic@1.1.6
64 silly idealTree ├── range-parser@1.2.0
64 silly idealTree ├─┬ rc@1.1.6
64 silly idealTree │ └── strip-json-comments@1.0.4
64 silly idealTree ├── read-all-stream@3.1.0
64 silly idealTree ├── read-pkg-up@1.0.1
64 silly idealTree ├── read-pkg@1.1.0
64 silly idealTree ├── readable-stream@2.0.6
64 silly idealTree ├── readdirp@2.1.0
64 silly idealTree ├── rechoir@0.6.2
64 silly idealTree ├── redent@1.0.0
64 silly idealTree ├── regex-cache@0.4.3
64 silly idealTree ├── registry-auth-token@3.1.0
64 silly idealTree ├── registry-url@3.1.0
64 silly idealTree ├── remove-trailing-separator@1.0.1
64 silly idealTree ├── repeat-element@1.1.2
64 silly idealTree ├── repeat-string@1.6.1
64 silly idealTree ├── repeating@2.0.1
64 silly idealTree ├── replace-ext@1.0.0
64 silly idealTree ├── request@2.75.0
64 silly idealTree ├── require-directory@2.1.1
64 silly idealTree ├── require-main-filename@1.0.1
64 silly idealTree ├── requirejs@2.3.2
64 silly idealTree ├── requires-port@1.0.0
64 silly idealTree ├── resolve-dir@0.1.1
64 silly idealTree ├── resolve@1.1.7
64 silly idealTree ├── resource-loader@2.0.4
64 silly idealTree ├── restore-cursor@1.0.1
64 silly idealTree ├── right-align@0.1.3
64 silly idealTree ├─┬ rimraf@2.5.4
64 silly idealTree │ └── glob@7.1.1
64 silly idealTree ├── ripemd160@0.2.0
64 silly idealTree ├── rx@2.3.24
64 silly idealTree ├── samsam@1.1.2
64 silly idealTree ├── sax@1.2.2
64 silly idealTree ├── semver-diff@2.1.0
64 silly idealTree ├── semver@5.0.3
64 silly idealTree ├── send@0.14.1
64 silly idealTree ├── sequencify@0.0.7
64 silly idealTree ├── serve-index@1.8.0
64 silly idealTree ├── serve-static@1.11.1
64 silly idealTree ├── set-blocking@2.0.0
64 silly idealTree ├── set-immediate-shim@1.0.1
64 silly idealTree ├── setimmediate@1.0.5
64 silly idealTree ├── setprototypeof@1.0.2
64 silly idealTree ├── sha.js@2.2.6
64 silly idealTree ├── shallow-copy@0.0.1
64 silly idealTree ├── shebang-command@1.2.0
64 silly idealTree ├── shebang-regex@1.0.0
64 silly idealTree ├── shell-quote@1.6.1
64 silly idealTree ├─┬ shelljs@0.7.6
64 silly idealTree │ └── glob@7.1.1
64 silly idealTree ├── sigmund@1.0.1
64 silly idealTree ├── signal-exit@3.0.2
64 silly idealTree ├── sinon@1.17.7
64 silly idealTree ├── slice-ansi@0.0.4
64 silly idealTree ├── slide@1.1.6
64 silly idealTree ├── sntp@1.0.9
64 silly idealTree ├─┬ sockjs-client@1.1.1
64 silly idealTree │ └── faye-websocket@0.11.0
64 silly idealTree ├── sockjs@0.3.18
64 silly idealTree ├── sort-keys@1.1.2
64 silly idealTree ├── soundjs@0.0.0
64 silly idealTree ├── source-list-map@0.1.8
64 silly idealTree ├─┬ source-map-support@0.4.9
64 silly idealTree │ └── source-map@0.5.6
64 silly idealTree ├── source-map@0.2.0
64 silly idealTree ├── sparkles@1.0.0
64 silly idealTree ├── spawn-default-shell@1.1.0
64 silly idealTree ├── spdx-correct@1.0.2
64 silly idealTree ├── spdx-expression-parse@1.0.4
64 silly idealTree ├── spdx-license-ids@1.2.2
64 silly idealTree ├── split@0.3.3
64 silly idealTree ├── sprintf-js@1.0.3
64 silly idealTree ├─┬ sshpk@1.10.2
64 silly idealTree │ └── assert-plus@1.0.0
64 silly idealTree ├─┬ static-eval@0.2.4
64 silly idealTree │ ├── escodegen@0.0.28
64 silly idealTree │ ├── esprima@1.0.4
64 silly idealTree │ └── estraverse@1.3.2
64 silly idealTree ├─┬ static-module@1.3.1
64 silly idealTree │ ├─┬ concat-stream@1.4.10
64 silly idealTree │ │ └── readable-stream@1.1.14
64 silly idealTree │ ├─┬ duplexer2@0.0.2
64 silly idealTree │ │ └── readable-stream@1.1.14
64 silly idealTree │ ├── escodegen@1.3.3
64 silly idealTree │ ├── esprima@1.1.1
64 silly idealTree │ ├── estraverse@1.5.1
64 silly idealTree │ ├── esutils@1.0.0
64 silly idealTree │ ├── isarray@0.0.1
64 silly idealTree │ ├── minimist@0.0.8
64 silly idealTree │ ├── object-keys@0.4.0
64 silly idealTree │ ├── quote-stream@0.0.0
64 silly idealTree │ ├── readable-stream@1.0.34
64 silly idealTree │ ├── source-map@0.1.43
64 silly idealTree │ ├── through2@0.4.2
64 silly idealTree │ └── xtend@2.1.2
64 silly idealTree ├── stats.js@0.17.0
64 silly idealTree ├── statuses@1.3.1
64 silly idealTree ├── stream-browserify@2.0.1
64 silly idealTree ├── stream-cache@0.0.2
64 silly idealTree ├── stream-combiner@0.0.4
64 silly idealTree ├── stream-consume@0.1.0
64 silly idealTree ├─┬ stream-http@2.6.2
64 silly idealTree │ └── readable-stream@2.2.2
64 silly idealTree ├── string_decoder@0.10.31
64 silly idealTree ├── string-template@1.0.0
64 silly idealTree ├── string-width@1.0.2
64 silly idealTree ├── string.prototype.padend@3.0.0
64 silly idealTree ├── stringstream@0.0.5
64 silly idealTree ├── strip-ansi@3.0.1
64 silly idealTree ├── strip-bom@2.0.0
64 silly idealTree ├── strip-indent@1.0.1
64 silly idealTree ├── strip-json-comments@2.0.1
64 silly idealTree ├── supports-color@2.0.0
64 silly idealTree ├── symbol-tree@3.2.2
64 silly idealTree ├── tapable@0.1.10
64 silly idealTree ├── thenify@3.2.1
64 silly idealTree ├── throat@3.0.0
64 silly idealTree ├── through@2.3.8
64 silly idealTree ├─┬ through2@2.0.3
64 silly idealTree │ └── readable-stream@2.2.2
64 silly idealTree ├── tildify@1.2.0
64 silly idealTree ├── time-stamp@1.0.1
64 silly idealTree ├── timed-out@3.1.3
64 silly idealTree ├── timers-browserify@2.0.2
64 silly idealTree ├── to-arraybuffer@1.0.1
64 silly idealTree ├─┬ touch@1.0.0
64 silly idealTree │ └── nopt@1.0.10
64 silly idealTree ├── tough-cookie@2.3.2
64 silly idealTree ├── tr46@0.0.3
64 silly idealTree ├── transform-loader@0.2.3
64 silly idealTree ├── tree-kill@1.1.0
64 silly idealTree ├── trim-newlines@1.0.0
64 silly idealTree ├── ts-node@2.0.0
64 silly idealTree ├── tsconfig@5.0.3
64 silly idealTree ├── tty-browserify@0.0.0
64 silly idealTree ├── tunnel-agent@0.4.3
64 silly idealTree ├── tween.js@16.3.5
64 silly idealTree ├── tweetnacl@0.14.5
64 silly idealTree ├── type-check@0.3.2
64 silly idealTree ├── type-detect@1.0.0
64 silly idealTree ├── type-is@1.6.14
64 silly idealTree ├── typedarray@0.0.6
64 silly idealTree ├── typedoc-default-themes@0.4.2
64 silly idealTree ├─┬ typedoc@0.5.5
64 silly idealTree │ ├── handlebars@4.0.5
64 silly idealTree │ └── source-map@0.4.4
64 silly idealTree ├── typescript-compiler@1.4.1-2
64 silly idealTree ├── typescript@2.1.5
64 silly idealTree ├─┬ typings-core@2.2.0
64 silly idealTree │ ├── promise-finally@2.2.1
64 silly idealTree │ └── strip-bom@3.0.0
64 silly idealTree ├─┬ typings@2.1.0
64 silly idealTree │ └── bluebird@3.4.7
64 silly idealTree ├─┬ uglify-js@2.7.5
64 silly idealTree │ ├── async@0.2.10
64 silly idealTree │ ├── camelcase@1.2.1
64 silly idealTree │ ├── cliui@2.1.0
64 silly idealTree │ ├── source-map@0.5.6
64 silly idealTree │ ├── wordwrap@0.0.2
64 silly idealTree │ └── yargs@3.10.0
64 silly idealTree ├── uglify-to-browserify@1.0.2
64 silly idealTree ├── unc-path-regex@0.1.2
64 silly idealTree ├── unique-stream@1.0.0
64 silly idealTree ├── unpipe@1.0.0
64 silly idealTree ├── unzip-response@1.0.2
64 silly idealTree ├── update-notifier@1.0.3
64 silly idealTree ├── url-parse-lax@1.0.0
64 silly idealTree ├── url-parse@1.1.7
64 silly idealTree ├─┬ url@0.11.0
64 silly idealTree │ └── punycode@1.3.2
64 silly idealTree ├── user-home@1.1.1
64 silly idealTree ├── util-deprecate@1.0.2
64 silly idealTree ├─┬ util@0.10.3
64 silly idealTree │ └── inherits@2.0.1
64 silly idealTree ├── utils-merge@1.0.0
64 silly idealTree ├── uuid@2.0.3
64 silly idealTree ├── v8flags@2.0.11
64 silly idealTree ├── validate-npm-package-license@3.0.1
64 silly idealTree ├── vary@1.1.0
64 silly idealTree ├── verror@1.3.6
64 silly idealTree ├─┬ vinyl-fs@0.3.14
64 silly idealTree │ ├── clone-stats@0.0.1
64 silly idealTree │ ├── clone@0.2.0
64 silly idealTree │ ├── graceful-fs@3.0.11
64 silly idealTree │ ├── isarray@0.0.1
64 silly idealTree │ ├── readable-stream@1.0.34
64 silly idealTree │ ├── strip-bom@1.0.0
64 silly idealTree │ ├── through2@0.6.5
64 silly idealTree │ └── vinyl@0.4.6
64 silly idealTree ├── vinyl@2.0.1
64 silly idealTree ├── vm-browserify@0.0.4
64 silly idealTree ├─┬ watchpack@0.2.9
64 silly idealTree │ └── async@0.9.2
64 silly idealTree ├── wcwidth@1.0.1
64 silly idealTree ├── webidl-conversions@4.0.0
64 silly idealTree ├─┬ webpack-core@0.6.9
64 silly idealTree │ └── source-map@0.4.4
64 silly idealTree ├─┬ webpack-dev-middleware@1.9.0
64 silly idealTree │ └── memory-fs@0.4.1
64 silly idealTree ├─┬ webpack-dev-server@1.16.2
64 silly idealTree │ └── supports-color@3.2.3
64 silly idealTree ├── webpack-merge@2.4.0
64 silly idealTree ├─┬ webpack@1.14.0
64 silly idealTree │ ├── interpret@0.6.6
64 silly idealTree │ └── supports-color@3.2.3
64 silly idealTree ├── websocket-driver@0.6.5
64 silly idealTree ├── websocket-extensions@0.1.1
64 silly idealTree ├── whatwg-encoding@1.0.1
64 silly idealTree ├─┬ whatwg-url@4.3.0
64 silly idealTree │ └── webidl-conversions@3.0.1
64 silly idealTree ├── which-module@1.0.0
64 silly idealTree ├── which@1.2.12
64 silly idealTree ├── widest-line@1.0.0
64 silly idealTree ├── window-size@0.1.0
64 silly idealTree ├── wordwrap@1.0.0
64 silly idealTree ├── wrap-ansi@2.1.0
64 silly idealTree ├── wrappy@1.0.2
64 silly idealTree ├── write-file-atomic@1.3.1
64 silly idealTree ├── xdg-basedir@2.0.0
64 silly idealTree ├── xml-name-validator@2.0.1
64 silly idealTree ├── xtend@4.0.1
64 silly idealTree ├── y18n@3.2.1
64 silly idealTree ├── yallist@2.0.0
64 silly idealTree ├── yargs-parser@4.2.1
64 silly idealTree ├── yargs@6.6.0
64 silly idealTree ├── yn@1.2.0
64 silly idealTree └── zip-object@0.1.0
65 silly generateActionsToTake Starting
66 silly install generateActionsToTake
67 silly generateActionsToTake Finishing
68 silly diffTrees action count 1
69 silly diffTrees add canvas@1.6.3
70 silly decomposeActions action count 8
71 silly decomposeActions fetch canvas@1.6.3
72 silly decomposeActions extract canvas@1.6.3
73 silly decomposeActions test canvas@1.6.3
74 silly decomposeActions preinstall canvas@1.6.3
75 silly decomposeActions build canvas@1.6.3
76 silly decomposeActions install canvas@1.6.3
77 silly decomposeActions postinstall canvas@1.6.3
78 silly decomposeActions finalize canvas@1.6.3
79 silly runTopLevelLifecycles Starting
80 silly executeActions Starting
81 silly install executeActions
82 silly doSerial global-install 0
83 silly doParallel fetch 1
84 verbose correctMkdir /Users/nicholasmordecai/.npm/_locks correctMkdir not in flight; initializing
85 verbose lock using /Users/nicholasmordecai/.npm/_locks/staging-cbbe7271202850d3.lock for /Users/nicholasmordecai/Documents/sprite-storm/Lightning/node_modules/.staging
86 silly doParallel extract 1
87 silly extract canvas@1.6.3
88 verbose unbuild node_modules/.staging/canvas-f16ffd11
89 silly gentlyRm /Users/nicholasmordecai/Documents/sprite-storm/Lightning/node_modules/.staging/canvas-f16ffd11 is being purged from base /Users/nicholasmordecai/Documents/sprite-storm/Lightning
90 verbose gentlyRm don't care about contents; nuking /Users/nicholasmordecai/Documents/sprite-storm/Lightning/node_modules/.staging/canvas-f16ffd11
91 verbose tar unpack /Users/nicholasmordecai/.npm/canvas/1.6.3/package.tgz
92 verbose tar unpacking to /Users/nicholasmordecai/Documents/sprite-storm/Lightning/node_modules/.staging/canvas-f16ffd11
93 silly gentlyRm /Users/nicholasmordecai/Documents/sprite-storm/Lightning/node_modules/.staging/canvas-f16ffd11 is being purged
94 verbose gentlyRm don't care about contents; nuking /Users/nicholasmordecai/Documents/sprite-storm/Lightning/node_modules/.staging/canvas-f16ffd11
95 silly gunzTarPerm modes [ '755', '644' ]
96 silly gunzTarPerm extractEntry package.json
97 silly gunzTarPerm extractEntry .npmignore
98 silly gunzTarPerm extractEntry index.js
99 silly gunzTarPerm extractEntry .travis.yml
100 silly gunzTarPerm extractEntry History.md
101 silly gunzTarPerm extractEntry Readme.md
102 silly gunzTarPerm extractEntry binding.gyp
103 silly gunzTarPerm extractEntry .github/ISSUE_TEMPLATE.md
104 silly gunzTarPerm extractEntry lib/bindings.js
105 silly gunzTarPerm extractEntry lib/canvas.js
106 silly gunzTarPerm extractEntry lib/context2d.js
107 silly gunzTarPerm extractEntry lib/image.js
108 silly gunzTarPerm extractEntry lib/jpegstream.js
109 silly gunzTarPerm extractEntry lib/pdfstream.js
110 silly gunzTarPerm extractEntry lib/pngstream.js
111 silly gunzTarPerm extractEntry src/Image.cc
112 silly gunzTarPerm extractEntry src/Canvas.cc
113 silly gunzTarPerm extractEntry src/CanvasGradient.cc
114 silly gunzTarPerm extractEntry src/CanvasGradient.h
115 silly gunzTarPerm extractEntry src/CanvasPattern.cc
116 silly gunzTarPerm extractEntry src/CanvasPattern.h
117 silly gunzTarPerm extractEntry src/CanvasRenderingContext2d.cc
118 silly gunzTarPerm extractEntry src/CanvasRenderingContext2d.h
119 silly gunzTarPerm extractEntry src/FontFace.cc
120 silly gunzTarPerm extractEntry src/FontFace.h
121 silly gunzTarPerm extractEntry src/Canvas.h
122 silly gunzTarPerm extractEntry src/Image.h
123 silly gunzTarPerm extractEntry src/ImageData.cc
124 silly gunzTarPerm extractEntry src/ImageData.h
125 silly gunzTarPerm extractEntry src/JPEGStream.h
126 silly gunzTarPerm extractEntry src/PNG.h
127 silly gunzTarPerm extractEntry src/Point.h
128 silly gunzTarPerm extractEntry src/closure.h
129 silly gunzTarPerm extractEntry src/color.cc
130 silly gunzTarPerm extractEntry src/color.h
131 silly gunzTarPerm extractEntry src/init.cc
132 silly gunzTarPerm extractEntry util/has_lib.sh
133 silly gentlyRm /Users/nicholasmordecai/Documents/sprite-storm/Lightning/node_modules/.staging/canvas-f16ffd11/node_modules is being purged
134 verbose gentlyRm don't care about contents; nuking /Users/nicholasmordecai/Documents/sprite-storm/Lightning/node_modules/.staging/canvas-f16ffd11/node_modules
135 silly doParallel preinstall 1
136 silly preinstall canvas@1.6.3 /Users/nicholasmordecai/Documents/sprite-storm/Lightning/node_modules/.staging/canvas-f16ffd11
137 info lifecycle canvas@1.6.3~preinstall: canvas@1.6.3
138 silly lifecycle canvas@1.6.3~preinstall: no script for preinstall, continuing
139 silly doReverseSerial remove 0
140 silly doSerial move 0
141 silly doSerial finalize 1
142 silly finalize /Users/nicholasmordecai/Documents/sprite-storm/Lightning/node_modules/canvas
143 silly doSerial build 1
144 silly build canvas@1.6.3
145 info linkStuff canvas@1.6.3
146 silly linkStuff canvas@1.6.3 has /Users/nicholasmordecai/Documents/sprite-storm/Lightning/node_modules as its parent node_modules
147 verbose linkBins canvas@1.6.3
148 verbose linkMans canvas@1.6.3
149 silly doSerial global-link 0
150 silly doParallel update-linked 0
151 silly doSerial install 1
152 silly install canvas@1.6.3 /Users/nicholasmordecai/Documents/sprite-storm/Lightning/node_modules/.staging/canvas-f16ffd11
153 info lifecycle canvas@1.6.3~install: canvas@1.6.3
154 verbose lifecycle canvas@1.6.3~install: unsafe-perm in lifecycle true
155 verbose lifecycle canvas@1.6.3~install: PATH: /usr/local/lib/node_modules/npm/bin/node-gyp-bin:/Users/nicholasmordecai/Documents/sprite-storm/Lightning/node_modules/canvas/node_modules/.bin:/Users/nicholasmordecai/Documents/sprite-storm/Lightning/node_modules/.bin:/usr/local/bin:/usr/bin:/bin:/usr/sbin:/sbin
156 verbose lifecycle canvas@1.6.3~install: CWD: /Users/nicholasmordecai/Documents/sprite-storm/Lightning/node_modules/canvas
157 silly lifecycle canvas@1.6.3~install: Args: [ '-c', 'node-gyp rebuild' ]
158 silly lifecycle canvas@1.6.3~install: Returned: code: 1  signal: null
159 info lifecycle canvas@1.6.3~install: Failed to exec install script
160 verbose unlock done using /Users/nicholasmordecai/.npm/_locks/staging-cbbe7271202850d3.lock for /Users/nicholasmordecai/Documents/sprite-storm/Lightning/node_modules/.staging
161 silly rollbackFailedOptional Starting
162 silly rollbackFailedOptional Finishing
163 silly runTopLevelLifecycles Finishing
164 silly install printInstalled
165 warn lightning-js@0.2.4 No repository field.
166 verbose If you need help, you may report this error at:
166 verbose     <https://github.com/npm/npm/issues>
167 verbose stack Error: canvas@1.6.3 install: `node-gyp rebuild`
167 verbose stack Exit status 1
167 verbose stack     at EventEmitter.<anonymous> (/usr/local/lib/node_modules/npm/lib/utils/lifecycle.js:255:16)
167 verbose stack     at emitTwo (events.js:106:13)
167 verbose stack     at EventEmitter.emit (events.js:191:7)
167 verbose stack     at ChildProcess.<anonymous> (/usr/local/lib/node_modules/npm/lib/utils/spawn.js:40:14)
167 verbose stack     at emitTwo (events.js:106:13)
167 verbose stack     at ChildProcess.emit (events.js:191:7)
167 verbose stack     at maybeClose (internal/child_process.js:877:16)
167 verbose stack     at Process.ChildProcess._handle.onexit (internal/child_process.js:226:5)
168 verbose pkgid canvas@1.6.3
169 verbose cwd /Users/nicholasmordecai/Documents/sprite-storm/Lightning
170 error Darwin 15.6.0
171 error argv "/usr/local/bin/node" "/usr/local/bin/npm" "install" "canvas"
172 error node v6.9.1
173 error npm  v3.10.8
174 error code ELIFECYCLE
175 error canvas@1.6.3 install: `node-gyp rebuild`
175 error Exit status 1
176 error Failed at the canvas@1.6.3 install script 'node-gyp rebuild'.
176 error Make sure you have the latest version of node.js and npm installed.
176 error If you do, this is most likely a problem with the canvas package,
176 error not with npm itself.
176 error Tell the author that this fails on your system:
176 error     node-gyp rebuild
176 error You can get information on how to open an issue for this project with:
176 error     npm bugs canvas
176 error Or if that isn't available, you can get their info via:
176 error     npm owner ls canvas
176 error There is likely additional logging output above.
177 verbose exit [ 1, true ]
